<?xml version="1.0" encoding="UTF-8"?>
<coverage generated="1734143843645" clover="3.2.0">
  <project timestamp="1734143843645" name="All files">
    <metrics statements="509" coveredstatements="357" conditionals="121" coveredconditionals="84" methods="74" coveredmethods="31" elements="704" coveredelements="472" complexity="0" loc="509" ncloc="509" packages="3" files="16" classes="16"/>
    <package name="config">
      <metrics statements="9" coveredstatements="6" conditionals="0" coveredconditionals="0" methods="2" coveredmethods="0"/>
      <file name="db.js" path="C:\Users\steve\Projects\PeaceOfMind\backend\config\db.js">
        <metrics statements="9" coveredstatements="6" conditionals="0" coveredconditionals="0" methods="2" coveredmethods="0"/>
        <line num="1" count="9" type="stmt"/>
        <line num="2" count="9" type="stmt"/>
        <line num="4" count="9" type="stmt"/>
        <line num="12" count="9" type="stmt"/>
        <line num="13" count="0" type="stmt"/>
        <line num="16" count="9" type="stmt"/>
        <line num="17" count="0" type="stmt"/>
        <line num="18" count="0" type="stmt"/>
        <line num="21" count="9" type="stmt"/>
      </file>
    </package>
    <package name="controllers">
      <metrics statements="325" coveredstatements="296" conditionals="93" coveredconditionals="84" methods="33" coveredmethods="31"/>
      <file name="appointmentsController.js" path="C:\Users\steve\Projects\PeaceOfMind\backend\controllers\appointmentsController.js">
        <metrics statements="71" coveredstatements="45" conditionals="30" coveredconditionals="22" methods="6" coveredmethods="4"/>
        <line num="8" count="1" type="stmt"/>
        <line num="11" count="1" type="stmt"/>
        <line num="14" count="1" type="stmt"/>
        <line num="15" count="3" type="stmt"/>
        <line num="17" count="3" type="cond" truecount="6" falsecount="0"/>
        <line num="18" count="1" type="stmt"/>
        <line num="21" count="2" type="cond" truecount="1" falsecount="1"/>
        <line num="22" count="0" type="stmt"/>
        <line num="25" count="2" type="cond" truecount="1" falsecount="1"/>
        <line num="26" count="0" type="stmt"/>
        <line num="29" count="2" type="stmt"/>
        <line num="30" count="2" type="stmt"/>
        <line num="37" count="1" type="stmt"/>
        <line num="40" count="1" type="stmt"/>
        <line num="45" count="1" type="stmt"/>
        <line num="46" count="3" type="stmt"/>
        <line num="47" count="3" type="cond" truecount="2" falsecount="0"/>
        <line num="48" count="1" type="stmt"/>
        <line num="51" count="2" type="stmt"/>
        <line num="52" count="2" type="stmt"/>
        <line num="53" count="2" type="cond" truecount="2" falsecount="0"/>
        <line num="54" count="1" type="stmt"/>
        <line num="56" count="1" type="stmt"/>
        <line num="58" count="0" type="stmt"/>
        <line num="59" count="0" type="stmt"/>
        <line num="64" count="1" type="stmt"/>
        <line num="65" count="3" type="stmt"/>
        <line num="66" count="3" type="stmt"/>
        <line num="68" count="3" type="cond" truecount="2" falsecount="0"/>
        <line num="69" count="1" type="stmt"/>
        <line num="72" count="2" type="cond" truecount="1" falsecount="1"/>
        <line num="73" count="0" type="stmt"/>
        <line num="76" count="2" type="cond" truecount="1" falsecount="1"/>
        <line num="77" count="0" type="stmt"/>
        <line num="80" count="2" type="stmt"/>
        <line num="81" count="2" type="stmt"/>
        <line num="82" count="2" type="cond" truecount="2" falsecount="0"/>
        <line num="83" count="1" type="stmt"/>
        <line num="85" count="1" type="stmt"/>
        <line num="87" count="0" type="stmt"/>
        <line num="88" count="0" type="stmt"/>
        <line num="93" count="1" type="stmt"/>
        <line num="94" count="0" type="stmt"/>
        <line num="95" count="0" type="cond" truecount="0" falsecount="2"/>
        <line num="96" count="0" type="stmt"/>
        <line num="99" count="0" type="stmt"/>
        <line num="100" count="0" type="stmt"/>
        <line num="101" count="0" type="stmt"/>
        <line num="103" count="0" type="stmt"/>
        <line num="104" count="0" type="stmt"/>
        <line num="109" count="1" type="stmt"/>
        <line num="110" count="0" type="stmt"/>
        <line num="111" count="0" type="cond" truecount="0" falsecount="2"/>
        <line num="112" count="0" type="stmt"/>
        <line num="115" count="0" type="stmt"/>
        <line num="116" count="0" type="stmt"/>
        <line num="117" count="0" type="stmt"/>
        <line num="119" count="0" type="stmt"/>
        <line num="120" count="0" type="stmt"/>
        <line num="125" count="1" type="stmt"/>
        <line num="126" count="3" type="stmt"/>
        <line num="127" count="3" type="cond" truecount="2" falsecount="0"/>
        <line num="128" count="1" type="stmt"/>
        <line num="131" count="2" type="stmt"/>
        <line num="132" count="2" type="stmt"/>
        <line num="133" count="2" type="cond" truecount="2" falsecount="0"/>
        <line num="134" count="1" type="stmt"/>
        <line num="136" count="1" type="stmt"/>
        <line num="138" count="0" type="stmt"/>
        <line num="139" count="0" type="stmt"/>
        <line num="143" count="1" type="stmt"/>
      </file>
      <file name="authController.js" path="C:\Users\steve\Projects\PeaceOfMind\backend\controllers\authController.js">
        <metrics statements="53" coveredstatements="51" conditionals="10" coveredconditionals="10" methods="6" coveredmethods="6"/>
        <line num="1" count="1" type="stmt"/>
        <line num="3" count="1" type="stmt"/>
        <line num="9" count="1" type="stmt"/>
        <line num="11" count="1" type="stmt"/>
        <line num="12" count="3" type="stmt"/>
        <line num="13" count="3" type="stmt"/>
        <line num="14" count="3" type="stmt"/>
        <line num="15" count="2" type="cond" truecount="2" falsecount="0"/>
        <line num="16" count="1" type="stmt"/>
        <line num="18" count="1" type="stmt"/>
        <line num="19" count="1" type="stmt"/>
        <line num="21" count="1" type="stmt"/>
        <line num="25" count="1" type="stmt"/>
        <line num="29" count="1" type="stmt"/>
        <line num="30" count="4" type="stmt"/>
        <line num="31" count="4" type="stmt"/>
        <line num="32" count="4" type="stmt"/>
        <line num="33" count="3" type="cond" truecount="2" falsecount="0"/>
        <line num="35" count="2" type="stmt"/>
        <line num="36" count="2" type="cond" truecount="2" falsecount="0"/>
        <line num="37" count="1" type="stmt"/>
        <line num="40" count="1" type="stmt"/>
        <line num="46" count="1" type="stmt"/>
        <line num="56" count="1" type="stmt"/>
        <line num="57" count="1" type="stmt"/>
        <line num="63" count="1" type="stmt"/>
        <line num="64" count="1" type="stmt"/>
        <line num="67" count="1" type="stmt"/>
        <line num="68" count="2" type="stmt"/>
        <line num="69" count="2" type="stmt"/>
        <line num="70" count="1" type="stmt"/>
        <line num="72" count="1" type="stmt"/>
        <line num="76" count="1" type="stmt"/>
        <line num="77" count="2" type="stmt"/>
        <line num="79" count="2" type="stmt"/>
        <line num="80" count="2" type="stmt"/>
        <line num="81" count="2" type="cond" truecount="2" falsecount="0"/>
        <line num="82" count="1" type="stmt"/>
        <line num="84" count="1" type="stmt"/>
        <line num="86" count="0" type="stmt"/>
        <line num="87" count="0" type="stmt"/>
        <line num="90" count="1" type="stmt"/>
        <line num="91" count="3" type="stmt"/>
        <line num="93" count="3" type="stmt"/>
        <line num="94" count="3" type="stmt"/>
        <line num="95" count="2" type="cond" truecount="2" falsecount="0"/>
        <line num="96" count="1" type="stmt"/>
        <line num="99" count="1" type="stmt"/>
        <line num="100" count="1" type="stmt"/>
        <line num="102" count="1" type="stmt"/>
        <line num="104" count="1" type="stmt"/>
        <line num="105" count="1" type="stmt"/>
        <line num="111" count="1" type="stmt"/>
      </file>
      <file name="conversationsController.js" path="C:\Users\steve\Projects\PeaceOfMind\backend\controllers\conversationsController.js">
        <metrics statements="32" coveredstatements="32" conditionals="10" coveredconditionals="10" methods="3" coveredmethods="3"/>
        <line num="5" count="1" type="stmt"/>
        <line num="8" count="1" type="stmt"/>
        <line num="9" count="4" type="stmt"/>
        <line num="11" count="4" type="cond" truecount="4" falsecount="0"/>
        <line num="12" count="1" type="stmt"/>
        <line num="15" count="3" type="stmt"/>
        <line num="16" count="3" type="stmt"/>
        <line num="18" count="2" type="cond" truecount="2" falsecount="0"/>
        <line num="19" count="1" type="stmt"/>
        <line num="21" count="1" type="stmt"/>
        <line num="24" count="1" type="stmt"/>
        <line num="25" count="1" type="stmt"/>
        <line num="31" count="1" type="stmt"/>
        <line num="32" count="3" type="stmt"/>
        <line num="33" count="3" type="stmt"/>
        <line num="35" count="3" type="cond" truecount="2" falsecount="0"/>
        <line num="36" count="1" type="stmt"/>
        <line num="39" count="2" type="stmt"/>
        <line num="40" count="2" type="stmt"/>
        <line num="41" count="1" type="stmt"/>
        <line num="43" count="1" type="stmt"/>
        <line num="44" count="1" type="stmt"/>
        <line num="50" count="1" type="stmt"/>
        <line num="51" count="3" type="stmt"/>
        <line num="53" count="3" type="stmt"/>
        <line num="54" count="3" type="stmt"/>
        <line num="55" count="2" type="cond" truecount="2" falsecount="0"/>
        <line num="56" count="1" type="stmt"/>
        <line num="58" count="1" type="stmt"/>
        <line num="60" count="1" type="stmt"/>
        <line num="61" count="1" type="stmt"/>
        <line num="65" count="1" type="stmt"/>
      </file>
      <file name="documentsController.js" path="C:\Users\steve\Projects\PeaceOfMind\backend\controllers\documentsController.js">
        <metrics statements="45" coveredstatements="45" conditionals="6" coveredconditionals="6" methods="5" coveredmethods="5"/>
        <line num="1" count="1" type="stmt"/>
        <line num="2" count="1" type="stmt"/>
        <line num="4" count="1" type="stmt"/>
        <line num="5" count="2" type="stmt"/>
        <line num="7" count="2" type="stmt"/>
        <line num="8" count="2" type="stmt"/>
        <line num="9" count="1" type="stmt"/>
        <line num="11" count="1" type="stmt"/>
        <line num="12" count="1" type="stmt"/>
        <line num="16" count="1" type="stmt"/>
        <line num="17" count="3" type="stmt"/>
        <line num="19" count="3" type="stmt"/>
        <line num="20" count="3" type="stmt"/>
        <line num="22" count="2" type="cond" truecount="2" falsecount="0"/>
        <line num="23" count="1" type="stmt"/>
        <line num="26" count="1" type="stmt"/>
        <line num="28" count="1" type="stmt"/>
        <line num="29" count="1" type="stmt"/>
        <line num="33" count="1" type="stmt"/>
        <line num="34" count="2" type="stmt"/>
        <line num="36" count="2" type="stmt"/>
        <line num="37" count="2" type="stmt"/>
        <line num="38" count="1" type="stmt"/>
        <line num="40" count="1" type="stmt"/>
        <line num="41" count="1" type="stmt"/>
        <line num="45" count="1" type="stmt"/>
        <line num="46" count="3" type="stmt"/>
        <line num="47" count="3" type="stmt"/>
        <line num="49" count="3" type="stmt"/>
        <line num="50" count="3" type="stmt"/>
        <line num="52" count="2" type="cond" truecount="2" falsecount="0"/>
        <line num="53" count="1" type="stmt"/>
        <line num="56" count="1" type="stmt"/>
        <line num="58" count="1" type="stmt"/>
        <line num="59" count="1" type="stmt"/>
        <line num="63" count="1" type="stmt"/>
        <line num="64" count="3" type="stmt"/>
        <line num="65" count="3" type="stmt"/>
        <line num="67" count="3" type="stmt"/>
        <line num="69" count="2" type="cond" truecount="2" falsecount="0"/>
        <line num="70" count="1" type="stmt"/>
        <line num="73" count="1" type="stmt"/>
        <line num="75" count="1" type="stmt"/>
        <line num="76" count="1" type="stmt"/>
        <line num="82" count="1" type="stmt"/>
      </file>
      <file name="journalController.js" path="C:\Users\steve\Projects\PeaceOfMind\backend\controllers\journalController.js">
        <metrics statements="48" coveredstatements="48" conditionals="15" coveredconditionals="15" methods="5" coveredmethods="5"/>
        <line num="7" count="1" type="stmt"/>
        <line num="10" count="1" type="stmt"/>
        <line num="11" count="3" type="stmt"/>
        <line num="13" count="3" type="cond" truecount="5" falsecount="0"/>
        <line num="14" count="1" type="stmt"/>
        <line num="17" count="2" type="stmt"/>
        <line num="18" count="2" type="stmt"/>
        <line num="19" count="1" type="stmt"/>
        <line num="21" count="1" type="stmt"/>
        <line num="22" count="1" type="stmt"/>
        <line num="27" count="1" type="stmt"/>
        <line num="28" count="3" type="stmt"/>
        <line num="29" count="3" type="stmt"/>
        <line num="31" count="3" type="cond" truecount="4" falsecount="0"/>
        <line num="32" count="1" type="stmt"/>
        <line num="35" count="2" type="stmt"/>
        <line num="36" count="2" type="stmt"/>
        <line num="37" count="1" type="stmt"/>
        <line num="39" count="1" type="stmt"/>
        <line num="40" count="1" type="stmt"/>
        <line num="45" count="1" type="stmt"/>
        <line num="46" count="3" type="stmt"/>
        <line num="48" count="3" type="stmt"/>
        <line num="49" count="3" type="stmt"/>
        <line num="51" count="2" type="cond" truecount="2" falsecount="0"/>
        <line num="52" count="1" type="stmt"/>
        <line num="55" count="1" type="stmt"/>
        <line num="57" count="1" type="stmt"/>
        <line num="58" count="1" type="stmt"/>
        <line num="63" count="1" type="stmt"/>
        <line num="64" count="3" type="stmt"/>
        <line num="66" count="3" type="stmt"/>
        <line num="67" count="3" type="stmt"/>
        <line num="69" count="2" type="cond" truecount="2" falsecount="0"/>
        <line num="70" count="1" type="stmt"/>
        <line num="73" count="1" type="stmt"/>
        <line num="75" count="1" type="stmt"/>
        <line num="76" count="1" type="stmt"/>
        <line num="81" count="1" type="stmt"/>
        <line num="82" count="3" type="stmt"/>
        <line num="84" count="3" type="stmt"/>
        <line num="85" count="3" type="stmt"/>
        <line num="86" count="2" type="cond" truecount="2" falsecount="0"/>
        <line num="87" count="1" type="stmt"/>
        <line num="89" count="1" type="stmt"/>
        <line num="91" count="1" type="stmt"/>
        <line num="92" count="1" type="stmt"/>
        <line num="96" count="1" type="stmt"/>
      </file>
      <file name="messagesController.js" path="C:\Users\steve\Projects\PeaceOfMind\backend\controllers\messagesController.js">
        <metrics statements="34" coveredstatements="34" conditionals="8" coveredconditionals="8" methods="4" coveredmethods="4"/>
        <line num="6" count="1" type="stmt"/>
        <line num="9" count="1" type="stmt"/>
        <line num="10" count="3" type="stmt"/>
        <line num="12" count="3" type="cond" truecount="6" falsecount="0"/>
        <line num="13" count="1" type="stmt"/>
        <line num="16" count="2" type="stmt"/>
        <line num="17" count="2" type="stmt"/>
        <line num="18" count="1" type="stmt"/>
        <line num="20" count="1" type="stmt"/>
        <line num="21" count="1" type="stmt"/>
        <line num="26" count="1" type="stmt"/>
        <line num="27" count="2" type="stmt"/>
        <line num="29" count="2" type="stmt"/>
        <line num="30" count="2" type="stmt"/>
        <line num="31" count="1" type="stmt"/>
        <line num="33" count="1" type="stmt"/>
        <line num="34" count="1" type="stmt"/>
        <line num="39" count="1" type="stmt"/>
        <line num="40" count="3" type="stmt"/>
        <line num="42" count="3" type="stmt"/>
        <line num="43" count="3" type="stmt"/>
        <line num="44" count="2" type="cond" truecount="2" falsecount="0"/>
        <line num="45" count="1" type="stmt"/>
        <line num="47" count="1" type="stmt"/>
        <line num="49" count="1" type="stmt"/>
        <line num="50" count="1" type="stmt"/>
        <line num="55" count="1" type="stmt"/>
        <line num="56" count="2" type="stmt"/>
        <line num="58" count="2" type="stmt"/>
        <line num="59" count="2" type="stmt"/>
        <line num="60" count="1" type="stmt"/>
        <line num="62" count="1" type="stmt"/>
        <line num="63" count="1" type="stmt"/>
        <line num="67" count="1" type="stmt"/>
      </file>
      <file name="usersController.js" path="C:\Users\steve\Projects\PeaceOfMind\backend\controllers\usersController.js">
        <metrics statements="42" coveredstatements="41" conditionals="14" coveredconditionals="13" methods="4" coveredmethods="4"/>
        <line num="7" count="1" type="stmt"/>
        <line num="10" count="1" type="stmt"/>
        <line num="11" count="2" type="stmt"/>
        <line num="12" count="2" type="stmt"/>
        <line num="13" count="1" type="stmt"/>
        <line num="15" count="1" type="stmt"/>
        <line num="16" count="1" type="stmt"/>
        <line num="21" count="1" type="stmt"/>
        <line num="22" count="4" type="stmt"/>
        <line num="23" count="4" type="cond" truecount="2" falsecount="0"/>
        <line num="24" count="1" type="stmt"/>
        <line num="27" count="3" type="stmt"/>
        <line num="28" count="3" type="stmt"/>
        <line num="29" count="2" type="cond" truecount="2" falsecount="0"/>
        <line num="30" count="1" type="stmt"/>
        <line num="34" count="1" type="stmt"/>
        <line num="37" count="1" type="stmt"/>
        <line num="39" count="1" type="stmt"/>
        <line num="40" count="1" type="stmt"/>
        <line num="44" count="1" type="stmt"/>
        <line num="45" count="4" type="stmt"/>
        <line num="46" count="4" type="cond" truecount="2" falsecount="0"/>
        <line num="47" count="1" type="stmt"/>
        <line num="50" count="3" type="stmt"/>
        <line num="51" count="3" type="stmt"/>
        <line num="52" count="2" type="cond" truecount="2" falsecount="0"/>
        <line num="53" count="1" type="stmt"/>
        <line num="57" count="1" type="stmt"/>
        <line num="59" count="1" type="stmt"/>
        <line num="60" count="1" type="stmt"/>
        <line num="64" count="1" type="stmt"/>
        <line num="65" count="3" type="stmt"/>
        <line num="66" count="3" type="cond" truecount="2" falsecount="0"/>
        <line num="67" count="1" type="stmt"/>
        <line num="70" count="2" type="stmt"/>
        <line num="71" count="2" type="stmt"/>
        <line num="72" count="1" type="cond" truecount="1" falsecount="1"/>
        <line num="73" count="0" type="stmt"/>
        <line num="75" count="1" type="stmt"/>
        <line num="77" count="1" type="stmt"/>
        <line num="78" count="1" type="stmt"/>
        <line num="82" count="1" type="stmt"/>
      </file>
    </package>
    <package name="models">
      <metrics statements="175" coveredstatements="55" conditionals="28" coveredconditionals="0" methods="39" coveredmethods="0"/>
      <file name="appointmentsModel.js" path="C:\Users\steve\Projects\PeaceOfMind\backend\models\appointmentsModel.js">
        <metrics statements="20" coveredstatements="8" conditionals="4" coveredconditionals="0" methods="6" coveredmethods="0"/>
        <line num="1" count="1" type="stmt"/>
        <line num="4" count="1" type="stmt"/>
        <line num="5" count="0" type="stmt"/>
        <line num="10" count="0" type="stmt"/>
        <line num="14" count="1" type="stmt"/>
        <line num="15" count="0" type="stmt"/>
        <line num="19" count="0" type="stmt"/>
        <line num="23" count="1" type="stmt"/>
        <line num="24" count="0" type="stmt"/>
        <line num="32" count="0" type="stmt"/>
        <line num="36" count="1" type="stmt"/>
        <line num="37" count="0" type="stmt"/>
        <line num="44" count="0" type="stmt"/>
        <line num="48" count="1" type="stmt"/>
        <line num="49" count="0" type="stmt"/>
        <line num="53" count="0" type="cond" truecount="0" falsecount="2"/>
        <line num="57" count="1" type="stmt"/>
        <line num="58" count="0" type="stmt"/>
        <line num="62" count="0" type="cond" truecount="0" falsecount="2"/>
        <line num="65" count="1" type="stmt"/>
      </file>
      <file name="authModel.js" path="C:\Users\steve\Projects\PeaceOfMind\backend\models\authModel.js">
        <metrics statements="17" coveredstatements="6" conditionals="0" coveredconditionals="0" methods="4" coveredmethods="0"/>
        <line num="1" count="1" type="stmt"/>
        <line num="5" count="1" type="stmt"/>
        <line num="6" count="0" type="stmt"/>
        <line num="11" count="0" type="stmt"/>
        <line num="13" count="0" type="stmt"/>
        <line num="17" count="0" type="stmt"/>
        <line num="29" count="1" type="stmt"/>
        <line num="30" count="0" type="stmt"/>
        <line num="37" count="0" type="stmt"/>
        <line num="41" count="1" type="stmt"/>
        <line num="42" count="0" type="stmt"/>
        <line num="43" count="0" type="stmt"/>
        <line num="46" count="1" type="stmt"/>
        <line num="47" count="0" type="stmt"/>
        <line num="52" count="0" type="stmt"/>
        <line num="53" count="0" type="stmt"/>
        <line num="57" count="1" type="stmt"/>
      </file>
      <file name="conversationsModel.js" path="C:\Users\steve\Projects\PeaceOfMind\backend\models\conversationsModel.js">
        <metrics statements="23" coveredstatements="5" conditionals="6" coveredconditionals="0" methods="3" coveredmethods="0"/>
        <line num="1" count="1" type="stmt"/>
        <line num="4" count="1" type="stmt"/>
        <line num="5" count="0" type="stmt"/>
        <line num="7" count="0" type="stmt"/>
        <line num="13" count="0" type="cond" truecount="0" falsecount="2"/>
        <line num="14" count="0" type="stmt"/>
        <line num="18" count="0" type="stmt"/>
        <line num="27" count="0" type="stmt"/>
        <line num="29" count="0" type="stmt"/>
        <line num="30" count="0" type="stmt"/>
        <line num="35" count="1" type="stmt"/>
        <line num="37" count="0" type="stmt"/>
        <line num="39" count="0" type="cond" truecount="0" falsecount="2"/>
        <line num="40" count="0" type="stmt"/>
        <line num="51" count="0" type="cond" truecount="0" falsecount="2"/>
        <line num="52" count="0" type="stmt"/>
        <line num="62" count="0" type="stmt"/>
        <line num="65" count="0" type="stmt"/>
        <line num="66" count="0" type="stmt"/>
        <line num="71" count="1" type="stmt"/>
        <line num="72" count="0" type="stmt"/>
        <line num="76" count="0" type="stmt"/>
        <line num="79" count="1" type="stmt"/>
      </file>
      <file name="documentsModel.js" path="C:\Users\steve\Projects\PeaceOfMind\backend\models\documentsModel.js">
        <metrics statements="41" coveredstatements="8" conditionals="2" coveredconditionals="0" methods="6" coveredmethods="0"/>
        <line num="1" count="1" type="stmt"/>
        <line num="3" count="1" type="stmt"/>
        <line num="4" count="0" type="stmt"/>
        <line num="10" count="0" type="stmt"/>
        <line num="13" count="1" type="stmt"/>
        <line num="14" count="0" type="stmt"/>
        <line num="20" count="0" type="stmt"/>
        <line num="23" count="1" type="stmt"/>
        <line num="24" count="0" type="stmt"/>
        <line num="28" count="0" type="stmt"/>
        <line num="31" count="1" type="stmt"/>
        <line num="32" count="0" type="stmt"/>
        <line num="33" count="0" type="stmt"/>
        <line num="40" count="0" type="cond" truecount="0" falsecount="2"/>
        <line num="41" count="0" type="stmt"/>
        <line num="44" count="0" type="stmt"/>
        <line num="47" count="0" type="stmt"/>
        <line num="55" count="0" type="stmt"/>
        <line num="57" count="0" type="stmt"/>
        <line num="63" count="0" type="stmt"/>
        <line num="65" count="0" type="stmt"/>
        <line num="66" count="0" type="stmt"/>
        <line num="69" count="1" type="stmt"/>
        <line num="70" count="0" type="stmt"/>
        <line num="71" count="0" type="stmt"/>
        <line num="78" count="0" type="stmt"/>
        <line num="80" count="0" type="stmt"/>
        <line num="81" count="0" type="stmt"/>
        <line num="85" count="1" type="stmt"/>
        <line num="86" count="0" type="stmt"/>
        <line num="87" count="0" type="stmt"/>
        <line num="88" count="0" type="stmt"/>
        <line num="89" count="0" type="stmt"/>
        <line num="91" count="0" type="stmt"/>
        <line num="92" count="0" type="stmt"/>
        <line num="93" count="0" type="stmt"/>
        <line num="95" count="0" type="stmt"/>
        <line num="103" count="0" type="stmt"/>
        <line num="105" count="0" type="stmt"/>
        <line num="106" count="0" type="stmt"/>
        <line num="111" count="1" type="stmt"/>
      </file>
      <file name="invoicesModel.js" path="C:\Users\steve\Projects\PeaceOfMind\backend\models\invoicesModel.js">
        <metrics statements="26" coveredstatements="9" conditionals="16" coveredconditionals="0" methods="7" coveredmethods="0"/>
        <line num="1" count="1" type="stmt"/>
        <line num="4" count="1" type="stmt"/>
        <line num="5" count="0" type="stmt"/>
        <line num="18" count="0" type="stmt"/>
        <line num="22" count="1" type="stmt"/>
        <line num="23" count="0" type="stmt"/>
        <line num="35" count="0" type="stmt"/>
        <line num="39" count="1" type="stmt"/>
        <line num="40" count="0" type="stmt"/>
        <line num="54" count="0" type="stmt"/>
        <line num="58" count="1" type="stmt"/>
        <line num="59" count="0" type="stmt"/>
        <line num="66" count="0" type="stmt"/>
        <line num="70" count="1" type="stmt"/>
        <line num="71" count="0" type="stmt"/>
        <line num="84" count="0" type="stmt"/>
        <line num="88" count="1" type="stmt"/>
        <line num="89" count="0" type="stmt"/>
        <line num="91" count="0" type="stmt"/>
        <line num="104" count="0" type="stmt"/>
        <line num="112" count="0" type="stmt"/>
        <line num="113" count="0" type="stmt"/>
        <line num="117" count="1" type="stmt"/>
        <line num="118" count="0" type="stmt"/>
        <line num="122" count="0" type="stmt"/>
        <line num="125" count="1" type="stmt"/>
      </file>
      <file name="journalsModel.js" path="C:\Users\steve\Projects\PeaceOfMind\backend\models\journalsModel.js">
        <metrics statements="19" coveredstatements="7" conditionals="0" coveredconditionals="0" methods="5" coveredmethods="0"/>
        <line num="1" count="1" type="stmt"/>
        <line num="4" count="1" type="stmt"/>
        <line num="5" count="0" type="stmt"/>
        <line num="11" count="0" type="stmt"/>
        <line num="17" count="0" type="stmt"/>
        <line num="21" count="1" type="stmt"/>
        <line num="22" count="0" type="stmt"/>
        <line num="28" count="0" type="stmt"/>
        <line num="33" count="0" type="stmt"/>
        <line num="37" count="1" type="stmt"/>
        <line num="38" count="0" type="stmt"/>
        <line num="46" count="0" type="stmt"/>
        <line num="50" count="1" type="stmt"/>
        <line num="51" count="0" type="stmt"/>
        <line num="59" count="0" type="stmt"/>
        <line num="63" count="1" type="stmt"/>
        <line num="64" count="0" type="stmt"/>
        <line num="70" count="0" type="stmt"/>
        <line num="73" count="1" type="stmt"/>
      </file>
      <file name="messagesModel.js" path="C:\Users\steve\Projects\PeaceOfMind\backend\models\messagesModel.js">
        <metrics statements="15" coveredstatements="6" conditionals="0" coveredconditionals="0" methods="4" coveredmethods="0"/>
        <line num="1" count="1" type="stmt"/>
        <line num="4" count="1" type="stmt"/>
        <line num="5" count="0" type="stmt"/>
        <line num="12" count="0" type="stmt"/>
        <line num="19" count="0" type="stmt"/>
        <line num="23" count="1" type="stmt"/>
        <line num="24" count="0" type="stmt"/>
        <line num="30" count="0" type="stmt"/>
        <line num="34" count="1" type="stmt"/>
        <line num="35" count="0" type="stmt"/>
        <line num="42" count="0" type="stmt"/>
        <line num="46" count="1" type="stmt"/>
        <line num="47" count="0" type="stmt"/>
        <line num="53" count="0" type="stmt"/>
        <line num="56" count="1" type="stmt"/>
      </file>
      <file name="usersModel.js" path="C:\Users\steve\Projects\PeaceOfMind\backend\models\usersModel.js">
        <metrics statements="14" coveredstatements="6" conditionals="0" coveredconditionals="0" methods="4" coveredmethods="0"/>
        <line num="1" count="1" type="stmt"/>
        <line num="4" count="1" type="stmt"/>
        <line num="5" count="0" type="stmt"/>
        <line num="6" count="0" type="stmt"/>
        <line num="10" count="1" type="stmt"/>
        <line num="11" count="0" type="stmt"/>
        <line num="26" count="0" type="stmt"/>
        <line num="30" count="1" type="stmt"/>
        <line num="31" count="0" type="stmt"/>
        <line num="35" count="0" type="stmt"/>
        <line num="38" count="1" type="stmt"/>
        <line num="39" count="0" type="stmt"/>
        <line num="42" count="0" type="stmt"/>
        <line num="45" count="1" type="stmt"/>
      </file>
    </package>
  </project>
</coverage>
