{"C:\\Users\\steve\\Projects\\PeaceOfMind\\backend\\config\\db.js": {"path":"C:\\Users\\steve\\Projects\\PeaceOfMind\\backend\\config\\db.js","statementMap":{"0":{"start":{"line":1,"column":17},"end":{"line":1,"column":30}},"1":{"start":{"line":2,"column":0},"end":{"line":2,"column":27}},"2":{"start":{"line":4,"column":13},"end":{"line":9,"column":2}},"3":{"start":{"line":12,"column":0},"end":{"line":14,"column":3}},"4":{"start":{"line":13,"column":2},"end":{"line":13,"column":54}},"5":{"start":{"line":16,"column":0},"end":{"line":19,"column":3}},"6":{"start":{"line":17,"column":2},"end":{"line":17,"column":50}},"7":{"start":{"line":18,"column":2},"end":{"line":18,"column":19}},"8":{"start":{"line":21,"column":0},"end":{"line":21,"column":22}}},"fnMap":{"0":{"name":"(anonymous_0)","decl":{"start":{"line":12,"column":19},"end":{"line":12,"column":20}},"loc":{"start":{"line":12,"column":25},"end":{"line":14,"column":1}},"line":12},"1":{"name":"(anonymous_1)","decl":{"start":{"line":16,"column":17},"end":{"line":16,"column":18}},"loc":{"start":{"line":16,"column":26},"end":{"line":19,"column":1}},"line":16}},"branchMap":{},"s":{"0":9,"1":9,"2":9,"3":9,"4":0,"5":9,"6":0,"7":0,"8":9},"f":{"0":0,"1":0},"b":{},"_coverageSchema":"1a1c01bbd47fc00a2c39e90264f33305004495a9","hash":"fe23cc5e6ed87ab469295a45a2ebf26133e06ad9"}
,"C:\\Users\\steve\\Projects\\PeaceOfMind\\backend\\controllers\\appointmentsController.js": {"path":"C:\\Users\\steve\\Projects\\PeaceOfMind\\backend\\controllers\\appointmentsController.js","statementMap":{"0":{"start":{"line":8,"column":4},"end":{"line":8,"column":42}},"1":{"start":{"line":11,"column":20},"end":{"line":11,"column":69}},"2":{"start":{"line":14,"column":28},"end":{"line":42,"column":1}},"3":{"start":{"line":15,"column":72},"end":{"line":15,"column":80}},"4":{"start":{"line":17,"column":2},"end":{"line":19,"column":3}},"5":{"start":{"line":18,"column":4},"end":{"line":18,"column":86}},"6":{"start":{"line":21,"column":2},"end":{"line":23,"column":3}},"7":{"start":{"line":22,"column":4},"end":{"line":22,"column":83}},"8":{"start":{"line":25,"column":2},"end":{"line":27,"column":3}},"9":{"start":{"line":26,"column":4},"end":{"line":26,"column":94}},"10":{"start":{"line":29,"column":2},"end":{"line":41,"column":3}},"11":{"start":{"line":30,"column":27},"end":{"line":36,"column":5}},"12":{"start":{"line":37,"column":4},"end":{"line":37,"column":112}},"13":{"start":{"line":40,"column":4},"end":{"line":40,"column":77}},"14":{"start":{"line":45,"column":23},"end":{"line":61,"column":1}},"15":{"start":{"line":46,"column":13},"end":{"line":46,"column":40}},"16":{"start":{"line":47,"column":2},"end":{"line":49,"column":3}},"17":{"start":{"line":48,"column":4},"end":{"line":48,"column":85}},"18":{"start":{"line":51,"column":2},"end":{"line":60,"column":3}},"19":{"start":{"line":52,"column":24},"end":{"line":52,"column":52}},"20":{"start":{"line":53,"column":4},"end":{"line":55,"column":5}},"21":{"start":{"line":54,"column":6},"end":{"line":54,"column":86}},"22":{"start":{"line":56,"column":4},"end":{"line":56,"column":63}},"23":{"start":{"line":58,"column":4},"end":{"line":58,"column":58}},"24":{"start":{"line":59,"column":4},"end":{"line":59,"column":77}},"25":{"start":{"line":64,"column":26},"end":{"line":90,"column":1}},"26":{"start":{"line":65,"column":21},"end":{"line":65,"column":29}},"27":{"start":{"line":66,"column":13},"end":{"line":66,"column":40}},"28":{"start":{"line":68,"column":2},"end":{"line":70,"column":3}},"29":{"start":{"line":69,"column":4},"end":{"line":69,"column":85}},"30":{"start":{"line":72,"column":2},"end":{"line":74,"column":3}},"31":{"start":{"line":73,"column":4},"end":{"line":73,"column":85}},"32":{"start":{"line":76,"column":2},"end":{"line":78,"column":3}},"33":{"start":{"line":77,"column":4},"end":{"line":77,"column":83}},"34":{"start":{"line":80,"column":2},"end":{"line":89,"column":3}},"35":{"start":{"line":81,"column":31},"end":{"line":81,"column":72}},"36":{"start":{"line":82,"column":4},"end":{"line":84,"column":5}},"37":{"start":{"line":83,"column":6},"end":{"line":83,"column":86}},"38":{"start":{"line":85,"column":4},"end":{"line":85,"column":122}},"39":{"start":{"line":87,"column":4},"end":{"line":87,"column":63}},"40":{"start":{"line":88,"column":4},"end":{"line":88,"column":77}},"41":{"start":{"line":93,"column":31},"end":{"line":106,"column":1}},"42":{"start":{"line":94,"column":20},"end":{"line":94,"column":54}},"43":{"start":{"line":95,"column":2},"end":{"line":97,"column":3}},"44":{"start":{"line":96,"column":4},"end":{"line":96,"column":81}},"45":{"start":{"line":99,"column":2},"end":{"line":105,"column":3}},"46":{"start":{"line":100,"column":25},"end":{"line":100,"column":66}},"47":{"start":{"line":101,"column":4},"end":{"line":101,"column":64}},"48":{"start":{"line":103,"column":4},"end":{"line":103,"column":67}},"49":{"start":{"line":104,"column":4},"end":{"line":104,"column":87}},"50":{"start":{"line":109,"column":33},"end":{"line":122,"column":1}},"51":{"start":{"line":110,"column":22},"end":{"line":110,"column":58}},"52":{"start":{"line":111,"column":2},"end":{"line":113,"column":3}},"53":{"start":{"line":112,"column":4},"end":{"line":112,"column":83}},"54":{"start":{"line":115,"column":2},"end":{"line":121,"column":3}},"55":{"start":{"line":116,"column":25},"end":{"line":116,"column":70}},"56":{"start":{"line":117,"column":4},"end":{"line":117,"column":64}},"57":{"start":{"line":119,"column":4},"end":{"line":119,"column":69}},"58":{"start":{"line":120,"column":4},"end":{"line":120,"column":87}},"59":{"start":{"line":125,"column":26},"end":{"line":141,"column":1}},"60":{"start":{"line":126,"column":13},"end":{"line":126,"column":40}},"61":{"start":{"line":127,"column":2},"end":{"line":129,"column":3}},"62":{"start":{"line":128,"column":4},"end":{"line":128,"column":85}},"63":{"start":{"line":131,"column":2},"end":{"line":140,"column":3}},"64":{"start":{"line":132,"column":31},"end":{"line":132,"column":58}},"65":{"start":{"line":133,"column":4},"end":{"line":135,"column":5}},"66":{"start":{"line":134,"column":6},"end":{"line":134,"column":86}},"67":{"start":{"line":136,"column":4},"end":{"line":136,"column":70}},"68":{"start":{"line":138,"column":4},"end":{"line":138,"column":56}},"69":{"start":{"line":139,"column":4},"end":{"line":139,"column":84}},"70":{"start":{"line":143,"column":0},"end":{"line":150,"column":2}}},"fnMap":{"0":{"name":"(anonymous_0)","decl":{"start":{"line":14,"column":28},"end":{"line":14,"column":29}},"loc":{"start":{"line":14,"column":48},"end":{"line":42,"column":1}},"line":14},"1":{"name":"(anonymous_1)","decl":{"start":{"line":45,"column":23},"end":{"line":45,"column":24}},"loc":{"start":{"line":45,"column":43},"end":{"line":61,"column":1}},"line":45},"2":{"name":"(anonymous_2)","decl":{"start":{"line":64,"column":26},"end":{"line":64,"column":27}},"loc":{"start":{"line":64,"column":46},"end":{"line":90,"column":1}},"line":64},"3":{"name":"(anonymous_3)","decl":{"start":{"line":93,"column":31},"end":{"line":93,"column":32}},"loc":{"start":{"line":93,"column":51},"end":{"line":106,"column":1}},"line":93},"4":{"name":"(anonymous_4)","decl":{"start":{"line":109,"column":33},"end":{"line":109,"column":34}},"loc":{"start":{"line":109,"column":53},"end":{"line":122,"column":1}},"line":109},"5":{"name":"(anonymous_5)","decl":{"start":{"line":125,"column":26},"end":{"line":125,"column":27}},"loc":{"start":{"line":125,"column":46},"end":{"line":141,"column":1}},"line":125}},"branchMap":{"0":{"loc":{"start":{"line":17,"column":2},"end":{"line":19,"column":3}},"type":"if","locations":[{"start":{"line":17,"column":2},"end":{"line":19,"column":3}},{"start":{},"end":{}}],"line":17},"1":{"loc":{"start":{"line":17,"column":6},"end":{"line":17,"column":66}},"type":"binary-expr","locations":[{"start":{"line":17,"column":6},"end":{"line":17,"column":17}},{"start":{"line":17,"column":21},"end":{"line":17,"column":34}},{"start":{"line":17,"column":38},"end":{"line":17,"column":55}},{"start":{"line":17,"column":59},"end":{"line":17,"column":66}}],"line":17},"2":{"loc":{"start":{"line":21,"column":2},"end":{"line":23,"column":3}},"type":"if","locations":[{"start":{"line":21,"column":2},"end":{"line":23,"column":3}},{"start":{},"end":{}}],"line":21},"3":{"loc":{"start":{"line":25,"column":2},"end":{"line":27,"column":3}},"type":"if","locations":[{"start":{"line":25,"column":2},"end":{"line":27,"column":3}},{"start":{},"end":{}}],"line":25},"4":{"loc":{"start":{"line":47,"column":2},"end":{"line":49,"column":3}},"type":"if","locations":[{"start":{"line":47,"column":2},"end":{"line":49,"column":3}},{"start":{},"end":{}}],"line":47},"5":{"loc":{"start":{"line":53,"column":4},"end":{"line":55,"column":5}},"type":"if","locations":[{"start":{"line":53,"column":4},"end":{"line":55,"column":5}},{"start":{},"end":{}}],"line":53},"6":{"loc":{"start":{"line":68,"column":2},"end":{"line":70,"column":3}},"type":"if","locations":[{"start":{"line":68,"column":2},"end":{"line":70,"column":3}},{"start":{},"end":{}}],"line":68},"7":{"loc":{"start":{"line":72,"column":2},"end":{"line":74,"column":3}},"type":"if","locations":[{"start":{"line":72,"column":2},"end":{"line":74,"column":3}},{"start":{},"end":{}}],"line":72},"8":{"loc":{"start":{"line":76,"column":2},"end":{"line":78,"column":3}},"type":"if","locations":[{"start":{"line":76,"column":2},"end":{"line":78,"column":3}},{"start":{},"end":{}}],"line":76},"9":{"loc":{"start":{"line":82,"column":4},"end":{"line":84,"column":5}},"type":"if","locations":[{"start":{"line":82,"column":4},"end":{"line":84,"column":5}},{"start":{},"end":{}}],"line":82},"10":{"loc":{"start":{"line":95,"column":2},"end":{"line":97,"column":3}},"type":"if","locations":[{"start":{"line":95,"column":2},"end":{"line":97,"column":3}},{"start":{},"end":{}}],"line":95},"11":{"loc":{"start":{"line":111,"column":2},"end":{"line":113,"column":3}},"type":"if","locations":[{"start":{"line":111,"column":2},"end":{"line":113,"column":3}},{"start":{},"end":{}}],"line":111},"12":{"loc":{"start":{"line":127,"column":2},"end":{"line":129,"column":3}},"type":"if","locations":[{"start":{"line":127,"column":2},"end":{"line":129,"column":3}},{"start":{},"end":{}}],"line":127},"13":{"loc":{"start":{"line":133,"column":4},"end":{"line":135,"column":5}},"type":"if","locations":[{"start":{"line":133,"column":4},"end":{"line":135,"column":5}},{"start":{},"end":{}}],"line":133}},"s":{"0":1,"1":1,"2":1,"3":3,"4":3,"5":1,"6":2,"7":0,"8":2,"9":0,"10":2,"11":2,"12":1,"13":1,"14":1,"15":3,"16":3,"17":1,"18":2,"19":2,"20":2,"21":1,"22":1,"23":0,"24":0,"25":1,"26":3,"27":3,"28":3,"29":1,"30":2,"31":0,"32":2,"33":0,"34":2,"35":2,"36":2,"37":1,"38":1,"39":0,"40":0,"41":1,"42":0,"43":0,"44":0,"45":0,"46":0,"47":0,"48":0,"49":0,"50":1,"51":0,"52":0,"53":0,"54":0,"55":0,"56":0,"57":0,"58":0,"59":1,"60":3,"61":3,"62":1,"63":2,"64":2,"65":2,"66":1,"67":1,"68":0,"69":0,"70":1},"f":{"0":3,"1":3,"2":3,"3":0,"4":0,"5":3},"b":{"0":[1,2],"1":[3,2,2,2],"2":[0,2],"3":[0,2],"4":[1,2],"5":[1,1],"6":[1,2],"7":[0,2],"8":[0,2],"9":[1,1],"10":[0,0],"11":[0,0],"12":[1,2],"13":[1,1]},"_coverageSchema":"1a1c01bbd47fc00a2c39e90264f33305004495a9","hash":"c6dae7ce5ff6f48e1e49aee0f2d0a99c1be60c26"}
,"C:\\Users\\steve\\Projects\\PeaceOfMind\\backend\\controllers\\authController.js": {"path":"C:\\Users\\steve\\Projects\\PeaceOfMind\\backend\\controllers\\authController.js","statementMap":{"0":{"start":{"line":1,"column":15},"end":{"line":1,"column":34}},"1":{"start":{"line":3,"column":12},"end":{"line":3,"column":35}},"2":{"start":{"line":9,"column":4},"end":{"line":9,"column":34}},"3":{"start":{"line":11,"column":17},"end":{"line":27,"column":1}},"4":{"start":{"line":12,"column":64},"end":{"line":12,"column":72}},"5":{"start":{"line":13,"column":2},"end":{"line":26,"column":3}},"6":{"start":{"line":14,"column":25},"end":{"line":14,"column":53}},"7":{"start":{"line":15,"column":4},"end":{"line":16,"column":68}},"8":{"start":{"line":16,"column":6},"end":{"line":16,"column":68}},"9":{"start":{"line":18,"column":25},"end":{"line":18,"column":56}},"10":{"start":{"line":19,"column":20},"end":{"line":19,"column":92}},"11":{"start":{"line":21,"column":4},"end":{"line":23,"column":72}},"12":{"start":{"line":25,"column":4},"end":{"line":25,"column":59}},"13":{"start":{"line":29,"column":14},"end":{"line":59,"column":1}},"14":{"start":{"line":30,"column":30},"end":{"line":30,"column":38}},"15":{"start":{"line":31,"column":2},"end":{"line":58,"column":3}},"16":{"start":{"line":32,"column":17},"end":{"line":32,"column":45}},"17":{"start":{"line":33,"column":4},"end":{"line":33,"column":72}},"18":{"start":{"line":33,"column":15},"end":{"line":33,"column":72}},"19":{"start":{"line":35,"column":28},"end":{"line":35,"column":78}},"20":{"start":{"line":36,"column":4},"end":{"line":38,"column":5}},"21":{"start":{"line":37,"column":6},"end":{"line":37,"column":65}},"22":{"start":{"line":40,"column":18},"end":{"line":44,"column":5}},"23":{"start":{"line":46,"column":4},"end":{"line":54,"column":7}},"24":{"start":{"line":56,"column":4},"end":{"line":56,"column":41}},"25":{"start":{"line":57,"column":4},"end":{"line":57,"column":52}},"26":{"start":{"line":63,"column":15},"end":{"line":65,"column":1}},"27":{"start":{"line":64,"column":2},"end":{"line":64,"column":51}},"28":{"start":{"line":67,"column":19},"end":{"line":74,"column":1}},"29":{"start":{"line":68,"column":2},"end":{"line":73,"column":3}},"30":{"start":{"line":69,"column":17},"end":{"line":69,"column":52}},"31":{"start":{"line":70,"column":4},"end":{"line":70,"column":23}},"32":{"start":{"line":72,"column":4},"end":{"line":72,"column":63}},"33":{"start":{"line":76,"column":19},"end":{"line":89,"column":1}},"34":{"start":{"line":77,"column":20},"end":{"line":77,"column":28}},"35":{"start":{"line":79,"column":2},"end":{"line":88,"column":3}},"36":{"start":{"line":80,"column":17},"end":{"line":80,"column":45}},"37":{"start":{"line":81,"column":4},"end":{"line":83,"column":5}},"38":{"start":{"line":82,"column":6},"end":{"line":82,"column":69}},"39":{"start":{"line":84,"column":4},"end":{"line":84,"column":54}},"40":{"start":{"line":86,"column":4},"end":{"line":86,"column":47}},"41":{"start":{"line":87,"column":4},"end":{"line":87,"column":62}},"42":{"start":{"line":90,"column":28},"end":{"line":107,"column":1}},"43":{"start":{"line":91,"column":33},"end":{"line":91,"column":41}},"44":{"start":{"line":93,"column":2},"end":{"line":106,"column":3}},"45":{"start":{"line":94,"column":17},"end":{"line":94,"column":45}},"46":{"start":{"line":95,"column":4},"end":{"line":97,"column":5}},"47":{"start":{"line":96,"column":6},"end":{"line":96,"column":63}},"48":{"start":{"line":99,"column":27},"end":{"line":99,"column":61}},"49":{"start":{"line":100,"column":4},"end":{"line":100,"column":52}},"50":{"start":{"line":102,"column":4},"end":{"line":102,"column":69}},"51":{"start":{"line":104,"column":4},"end":{"line":104,"column":50}},"52":{"start":{"line":105,"column":4},"end":{"line":105,"column":64}},"53":{"start":{"line":111,"column":0},"end":{"line":111,"column":90}}},"fnMap":{"0":{"name":"(anonymous_0)","decl":{"start":{"line":11,"column":17},"end":{"line":11,"column":18}},"loc":{"start":{"line":11,"column":37},"end":{"line":27,"column":1}},"line":11},"1":{"name":"(anonymous_1)","decl":{"start":{"line":29,"column":14},"end":{"line":29,"column":15}},"loc":{"start":{"line":29,"column":34},"end":{"line":59,"column":1}},"line":29},"2":{"name":"(anonymous_2)","decl":{"start":{"line":63,"column":15},"end":{"line":63,"column":16}},"loc":{"start":{"line":63,"column":29},"end":{"line":65,"column":1}},"line":63},"3":{"name":"(anonymous_3)","decl":{"start":{"line":67,"column":19},"end":{"line":67,"column":20}},"loc":{"start":{"line":67,"column":39},"end":{"line":74,"column":1}},"line":67},"4":{"name":"(anonymous_4)","decl":{"start":{"line":76,"column":19},"end":{"line":76,"column":20}},"loc":{"start":{"line":76,"column":39},"end":{"line":89,"column":1}},"line":76},"5":{"name":"(anonymous_5)","decl":{"start":{"line":90,"column":28},"end":{"line":90,"column":29}},"loc":{"start":{"line":90,"column":48},"end":{"line":107,"column":1}},"line":90}},"branchMap":{"0":{"loc":{"start":{"line":15,"column":4},"end":{"line":16,"column":68}},"type":"if","locations":[{"start":{"line":15,"column":4},"end":{"line":16,"column":68}},{"start":{},"end":{}}],"line":15},"1":{"loc":{"start":{"line":33,"column":4},"end":{"line":33,"column":72}},"type":"if","locations":[{"start":{"line":33,"column":4},"end":{"line":33,"column":72}},{"start":{},"end":{}}],"line":33},"2":{"loc":{"start":{"line":36,"column":4},"end":{"line":38,"column":5}},"type":"if","locations":[{"start":{"line":36,"column":4},"end":{"line":38,"column":5}},{"start":{},"end":{}}],"line":36},"3":{"loc":{"start":{"line":81,"column":4},"end":{"line":83,"column":5}},"type":"if","locations":[{"start":{"line":81,"column":4},"end":{"line":83,"column":5}},{"start":{},"end":{}}],"line":81},"4":{"loc":{"start":{"line":95,"column":4},"end":{"line":97,"column":5}},"type":"if","locations":[{"start":{"line":95,"column":4},"end":{"line":97,"column":5}},{"start":{},"end":{}}],"line":95}},"s":{"0":1,"1":1,"2":1,"3":1,"4":3,"5":3,"6":3,"7":2,"8":1,"9":1,"10":1,"11":1,"12":1,"13":1,"14":4,"15":4,"16":4,"17":3,"18":1,"19":2,"20":2,"21":1,"22":1,"23":1,"24":1,"25":1,"26":1,"27":1,"28":1,"29":2,"30":2,"31":1,"32":1,"33":1,"34":2,"35":2,"36":2,"37":2,"38":1,"39":1,"40":0,"41":0,"42":1,"43":3,"44":3,"45":3,"46":2,"47":1,"48":1,"49":1,"50":1,"51":1,"52":1,"53":1},"f":{"0":3,"1":4,"2":1,"3":2,"4":2,"5":3},"b":{"0":[1,1],"1":[1,2],"2":[1,1],"3":[1,1],"4":[1,1]},"_coverageSchema":"1a1c01bbd47fc00a2c39e90264f33305004495a9","hash":"e247e98d05476d9f1994f8cbfc308bbcf0746052"}
,"C:\\Users\\steve\\Projects\\PeaceOfMind\\backend\\controllers\\conversationsController.js": {"path":"C:\\Users\\steve\\Projects\\PeaceOfMind\\backend\\controllers\\conversationsController.js","statementMap":{"0":{"start":{"line":5,"column":4},"end":{"line":5,"column":43}},"1":{"start":{"line":8,"column":27},"end":{"line":27,"column":1}},"2":{"start":{"line":9,"column":39},"end":{"line":9,"column":47}},"3":{"start":{"line":11,"column":2},"end":{"line":13,"column":3}},"4":{"start":{"line":12,"column":4},"end":{"line":12,"column":88}},"5":{"start":{"line":15,"column":2},"end":{"line":26,"column":3}},"6":{"start":{"line":16,"column":25},"end":{"line":16,"column":80}},"7":{"start":{"line":18,"column":4},"end":{"line":22,"column":5}},"8":{"start":{"line":19,"column":6},"end":{"line":19,"column":97}},"9":{"start":{"line":21,"column":6},"end":{"line":21,"column":77}},"10":{"start":{"line":24,"column":4},"end":{"line":24,"column":57}},"11":{"start":{"line":25,"column":4},"end":{"line":25,"column":70}},"12":{"start":{"line":31,"column":31},"end":{"line":46,"column":1}},"13":{"start":{"line":32,"column":21},"end":{"line":32,"column":31}},"14":{"start":{"line":33,"column":19},"end":{"line":33,"column":28}},"15":{"start":{"line":35,"column":2},"end":{"line":37,"column":3}},"16":{"start":{"line":36,"column":4},"end":{"line":36,"column":85}},"17":{"start":{"line":39,"column":2},"end":{"line":45,"column":3}},"18":{"start":{"line":40,"column":26},"end":{"line":40,"column":73}},"19":{"start":{"line":41,"column":4},"end":{"line":41,"column":40}},"20":{"start":{"line":43,"column":4},"end":{"line":43,"column":58}},"21":{"start":{"line":44,"column":4},"end":{"line":44,"column":70}},"22":{"start":{"line":50,"column":31},"end":{"line":63,"column":1}},"23":{"start":{"line":51,"column":29},"end":{"line":51,"column":39}},"24":{"start":{"line":53,"column":2},"end":{"line":62,"column":3}},"25":{"start":{"line":54,"column":25},"end":{"line":54,"column":74}},"26":{"start":{"line":55,"column":4},"end":{"line":57,"column":5}},"27":{"start":{"line":56,"column":6},"end":{"line":56,"column":72}},"28":{"start":{"line":58,"column":4},"end":{"line":58,"column":39}},"29":{"start":{"line":60,"column":4},"end":{"line":60,"column":65}},"30":{"start":{"line":61,"column":4},"end":{"line":61,"column":77}},"31":{"start":{"line":65,"column":0},"end":{"line":69,"column":2}}},"fnMap":{"0":{"name":"(anonymous_0)","decl":{"start":{"line":8,"column":27},"end":{"line":8,"column":28}},"loc":{"start":{"line":8,"column":47},"end":{"line":27,"column":1}},"line":8},"1":{"name":"(anonymous_1)","decl":{"start":{"line":31,"column":31},"end":{"line":31,"column":32}},"loc":{"start":{"line":31,"column":51},"end":{"line":46,"column":1}},"line":31},"2":{"name":"(anonymous_2)","decl":{"start":{"line":50,"column":31},"end":{"line":50,"column":32}},"loc":{"start":{"line":50,"column":51},"end":{"line":63,"column":1}},"line":50}},"branchMap":{"0":{"loc":{"start":{"line":11,"column":2},"end":{"line":13,"column":3}},"type":"if","locations":[{"start":{"line":11,"column":2},"end":{"line":13,"column":3}},{"start":{},"end":{}}],"line":11},"1":{"loc":{"start":{"line":11,"column":6},"end":{"line":11,"column":34}},"type":"binary-expr","locations":[{"start":{"line":11,"column":6},"end":{"line":11,"column":17}},{"start":{"line":11,"column":21},"end":{"line":11,"column":34}}],"line":11},"2":{"loc":{"start":{"line":18,"column":4},"end":{"line":22,"column":5}},"type":"if","locations":[{"start":{"line":18,"column":4},"end":{"line":22,"column":5}},{"start":{"line":20,"column":11},"end":{"line":22,"column":5}}],"line":18},"3":{"loc":{"start":{"line":35,"column":2},"end":{"line":37,"column":3}},"type":"if","locations":[{"start":{"line":35,"column":2},"end":{"line":37,"column":3}},{"start":{},"end":{}}],"line":35},"4":{"loc":{"start":{"line":55,"column":4},"end":{"line":57,"column":5}},"type":"if","locations":[{"start":{"line":55,"column":4},"end":{"line":57,"column":5}},{"start":{},"end":{}}],"line":55}},"s":{"0":1,"1":1,"2":4,"3":4,"4":1,"5":3,"6":3,"7":2,"8":1,"9":1,"10":1,"11":1,"12":1,"13":3,"14":3,"15":3,"16":1,"17":2,"18":2,"19":1,"20":1,"21":1,"22":1,"23":3,"24":3,"25":3,"26":2,"27":1,"28":1,"29":1,"30":1,"31":1},"f":{"0":4,"1":3,"2":3},"b":{"0":[1,3],"1":[4,3],"2":[1,1],"3":[1,2],"4":[1,1]},"_coverageSchema":"1a1c01bbd47fc00a2c39e90264f33305004495a9","hash":"5de2916efe43b185e2e38160902f90affd36f2b4"}
,"C:\\Users\\steve\\Projects\\PeaceOfMind\\backend\\controllers\\documentsController.js": {"path":"C:\\Users\\steve\\Projects\\PeaceOfMind\\backend\\controllers\\documentsController.js","statementMap":{"0":{"start":{"line":1,"column":13},"end":{"line":1,"column":36}},"1":{"start":{"line":2,"column":111},"end":{"line":2,"column":146}},"2":{"start":{"line":4,"column":19},"end":{"line":14,"column":1}},"3":{"start":{"line":5,"column":57},"end":{"line":5,"column":65}},"4":{"start":{"line":7,"column":4},"end":{"line":13,"column":5}},"5":{"start":{"line":8,"column":25},"end":{"line":8,"column":87}},"6":{"start":{"line":9,"column":8},"end":{"line":9,"column":39}},"7":{"start":{"line":11,"column":8},"end":{"line":11,"column":29}},"8":{"start":{"line":12,"column":8},"end":{"line":12,"column":89}},"9":{"start":{"line":16,"column":22},"end":{"line":31,"column":1}},"10":{"start":{"line":17,"column":19},"end":{"line":17,"column":29}},"11":{"start":{"line":19,"column":4},"end":{"line":30,"column":5}},"12":{"start":{"line":20,"column":25},"end":{"line":20,"column":50}},"13":{"start":{"line":22,"column":8},"end":{"line":24,"column":9}},"14":{"start":{"line":23,"column":12},"end":{"line":23,"column":73}},"15":{"start":{"line":26,"column":8},"end":{"line":26,"column":39}},"16":{"start":{"line":28,"column":8},"end":{"line":28,"column":29}},"17":{"start":{"line":29,"column":8},"end":{"line":29,"column":91}},"18":{"start":{"line":33,"column":27},"end":{"line":43,"column":1}},"19":{"start":{"line":34,"column":19},"end":{"line":34,"column":36}},"20":{"start":{"line":36,"column":4},"end":{"line":42,"column":5}},"21":{"start":{"line":37,"column":26},"end":{"line":37,"column":62}},"22":{"start":{"line":38,"column":8},"end":{"line":38,"column":40}},"23":{"start":{"line":40,"column":8},"end":{"line":40,"column":29}},"24":{"start":{"line":41,"column":8},"end":{"line":41,"column":88}},"25":{"start":{"line":45,"column":23},"end":{"line":61,"column":1}},"26":{"start":{"line":46,"column":19},"end":{"line":46,"column":29}},"27":{"start":{"line":47,"column":48},"end":{"line":47,"column":56}},"28":{"start":{"line":49,"column":4},"end":{"line":60,"column":5}},"29":{"start":{"line":50,"column":32},"end":{"line":50,"column":93}},"30":{"start":{"line":52,"column":8},"end":{"line":54,"column":9}},"31":{"start":{"line":53,"column":12},"end":{"line":53,"column":73}},"32":{"start":{"line":56,"column":8},"end":{"line":56,"column":46}},"33":{"start":{"line":58,"column":8},"end":{"line":58,"column":29}},"34":{"start":{"line":59,"column":8},"end":{"line":59,"column":89}},"35":{"start":{"line":63,"column":34},"end":{"line":78,"column":1}},"36":{"start":{"line":64,"column":19},"end":{"line":64,"column":29}},"37":{"start":{"line":65,"column":4},"end":{"line":77,"column":5}},"38":{"start":{"line":67,"column":29},"end":{"line":67,"column":62}},"39":{"start":{"line":69,"column":8},"end":{"line":71,"column":9}},"40":{"start":{"line":70,"column":12},"end":{"line":70,"column":91}},"41":{"start":{"line":73,"column":8},"end":{"line":73,"column":43}},"42":{"start":{"line":75,"column":8},"end":{"line":75,"column":29}},"43":{"start":{"line":76,"column":8},"end":{"line":76,"column":105}},"44":{"start":{"line":82,"column":0},"end":{"line":82,"column":109}}},"fnMap":{"0":{"name":"(anonymous_0)","decl":{"start":{"line":4,"column":19},"end":{"line":4,"column":20}},"loc":{"start":{"line":4,"column":39},"end":{"line":14,"column":1}},"line":4},"1":{"name":"(anonymous_1)","decl":{"start":{"line":16,"column":22},"end":{"line":16,"column":23}},"loc":{"start":{"line":16,"column":42},"end":{"line":31,"column":1}},"line":16},"2":{"name":"(anonymous_2)","decl":{"start":{"line":33,"column":27},"end":{"line":33,"column":28}},"loc":{"start":{"line":33,"column":47},"end":{"line":43,"column":1}},"line":33},"3":{"name":"(anonymous_3)","decl":{"start":{"line":45,"column":23},"end":{"line":45,"column":24}},"loc":{"start":{"line":45,"column":43},"end":{"line":61,"column":1}},"line":45},"4":{"name":"(anonymous_4)","decl":{"start":{"line":63,"column":34},"end":{"line":63,"column":35}},"loc":{"start":{"line":63,"column":54},"end":{"line":78,"column":1}},"line":63}},"branchMap":{"0":{"loc":{"start":{"line":22,"column":8},"end":{"line":24,"column":9}},"type":"if","locations":[{"start":{"line":22,"column":8},"end":{"line":24,"column":9}},{"start":{},"end":{}}],"line":22},"1":{"loc":{"start":{"line":52,"column":8},"end":{"line":54,"column":9}},"type":"if","locations":[{"start":{"line":52,"column":8},"end":{"line":54,"column":9}},{"start":{},"end":{}}],"line":52},"2":{"loc":{"start":{"line":69,"column":8},"end":{"line":71,"column":9}},"type":"if","locations":[{"start":{"line":69,"column":8},"end":{"line":71,"column":9}},{"start":{},"end":{}}],"line":69}},"s":{"0":1,"1":1,"2":1,"3":2,"4":2,"5":2,"6":1,"7":1,"8":1,"9":1,"10":3,"11":3,"12":3,"13":2,"14":1,"15":1,"16":1,"17":1,"18":1,"19":2,"20":2,"21":2,"22":1,"23":1,"24":1,"25":1,"26":3,"27":3,"28":3,"29":3,"30":2,"31":1,"32":1,"33":1,"34":1,"35":1,"36":3,"37":3,"38":3,"39":2,"40":1,"41":1,"42":1,"43":1,"44":1},"f":{"0":2,"1":3,"2":2,"3":3,"4":3},"b":{"0":[1,1],"1":[1,1],"2":[1,1]},"_coverageSchema":"1a1c01bbd47fc00a2c39e90264f33305004495a9","hash":"da037e30fa94bbefe01e41466a0c0889e45b507f"}
,"C:\\Users\\steve\\Projects\\PeaceOfMind\\backend\\controllers\\journalController.js": {"path":"C:\\Users\\steve\\Projects\\PeaceOfMind\\backend\\controllers\\journalController.js","statementMap":{"0":{"start":{"line":7,"column":4},"end":{"line":7,"column":38}},"1":{"start":{"line":10,"column":22},"end":{"line":24,"column":1}},"2":{"start":{"line":11,"column":38},"end":{"line":11,"column":46}},"3":{"start":{"line":13,"column":4},"end":{"line":15,"column":5}},"4":{"start":{"line":14,"column":8},"end":{"line":14,"column":74}},"5":{"start":{"line":17,"column":4},"end":{"line":23,"column":5}},"6":{"start":{"line":18,"column":24},"end":{"line":18,"column":71}},"7":{"start":{"line":19,"column":8},"end":{"line":19,"column":89}},"8":{"start":{"line":21,"column":8},"end":{"line":21,"column":62}},"9":{"start":{"line":22,"column":8},"end":{"line":22,"column":74}},"10":{"start":{"line":27,"column":22},"end":{"line":42,"column":1}},"11":{"start":{"line":28,"column":19},"end":{"line":28,"column":29}},"12":{"start":{"line":29,"column":30},"end":{"line":29,"column":38}},"13":{"start":{"line":31,"column":4},"end":{"line":33,"column":5}},"14":{"start":{"line":32,"column":8},"end":{"line":32,"column":74}},"15":{"start":{"line":35,"column":4},"end":{"line":41,"column":5}},"16":{"start":{"line":36,"column":31},"end":{"line":36,"column":74}},"17":{"start":{"line":37,"column":8},"end":{"line":37,"column":105}},"18":{"start":{"line":39,"column":8},"end":{"line":39,"column":62}},"19":{"start":{"line":40,"column":8},"end":{"line":40,"column":74}},"20":{"start":{"line":45,"column":19},"end":{"line":60,"column":1}},"21":{"start":{"line":46,"column":19},"end":{"line":46,"column":29}},"22":{"start":{"line":48,"column":4},"end":{"line":59,"column":5}},"23":{"start":{"line":49,"column":24},"end":{"line":49,"column":48}},"24":{"start":{"line":51,"column":8},"end":{"line":53,"column":9}},"25":{"start":{"line":52,"column":12},"end":{"line":52,"column":78}},"26":{"start":{"line":55,"column":8},"end":{"line":55,"column":42}},"27":{"start":{"line":57,"column":8},"end":{"line":57,"column":62}},"28":{"start":{"line":58,"column":8},"end":{"line":58,"column":73}},"29":{"start":{"line":63,"column":20},"end":{"line":78,"column":1}},"30":{"start":{"line":64,"column":21},"end":{"line":64,"column":31}},"31":{"start":{"line":66,"column":2},"end":{"line":77,"column":3}},"32":{"start":{"line":67,"column":23},"end":{"line":67,"column":56}},"33":{"start":{"line":69,"column":6},"end":{"line":71,"column":7}},"34":{"start":{"line":70,"column":8},"end":{"line":70,"column":54}},"35":{"start":{"line":73,"column":6},"end":{"line":73,"column":41}},"36":{"start":{"line":75,"column":6},"end":{"line":75,"column":55}},"37":{"start":{"line":76,"column":6},"end":{"line":76,"column":66}},"38":{"start":{"line":81,"column":22},"end":{"line":94,"column":1}},"39":{"start":{"line":82,"column":19},"end":{"line":82,"column":29}},"40":{"start":{"line":84,"column":4},"end":{"line":93,"column":5}},"41":{"start":{"line":85,"column":31},"end":{"line":85,"column":59}},"42":{"start":{"line":86,"column":8},"end":{"line":88,"column":9}},"43":{"start":{"line":87,"column":12},"end":{"line":87,"column":81}},"44":{"start":{"line":89,"column":8},"end":{"line":89,"column":104}},"45":{"start":{"line":91,"column":8},"end":{"line":91,"column":62}},"46":{"start":{"line":92,"column":8},"end":{"line":92,"column":77}},"47":{"start":{"line":96,"column":0},"end":{"line":102,"column":2}}},"fnMap":{"0":{"name":"(anonymous_0)","decl":{"start":{"line":10,"column":22},"end":{"line":10,"column":23}},"loc":{"start":{"line":10,"column":42},"end":{"line":24,"column":1}},"line":10},"1":{"name":"(anonymous_1)","decl":{"start":{"line":27,"column":22},"end":{"line":27,"column":23}},"loc":{"start":{"line":27,"column":42},"end":{"line":42,"column":1}},"line":27},"2":{"name":"(anonymous_2)","decl":{"start":{"line":45,"column":19},"end":{"line":45,"column":20}},"loc":{"start":{"line":45,"column":39},"end":{"line":60,"column":1}},"line":45},"3":{"name":"(anonymous_3)","decl":{"start":{"line":63,"column":20},"end":{"line":63,"column":21}},"loc":{"start":{"line":63,"column":40},"end":{"line":78,"column":1}},"line":63},"4":{"name":"(anonymous_4)","decl":{"start":{"line":81,"column":22},"end":{"line":81,"column":23}},"loc":{"start":{"line":81,"column":42},"end":{"line":94,"column":1}},"line":81}},"branchMap":{"0":{"loc":{"start":{"line":13,"column":4},"end":{"line":15,"column":5}},"type":"if","locations":[{"start":{"line":13,"column":4},"end":{"line":15,"column":5}},{"start":{},"end":{}}],"line":13},"1":{"loc":{"start":{"line":13,"column":8},"end":{"line":13,"column":36}},"type":"binary-expr","locations":[{"start":{"line":13,"column":8},"end":{"line":13,"column":15}},{"start":{"line":13,"column":19},"end":{"line":13,"column":24}},{"start":{"line":13,"column":28},"end":{"line":13,"column":36}}],"line":13},"2":{"loc":{"start":{"line":31,"column":4},"end":{"line":33,"column":5}},"type":"if","locations":[{"start":{"line":31,"column":4},"end":{"line":33,"column":5}},{"start":{},"end":{}}],"line":31},"3":{"loc":{"start":{"line":31,"column":8},"end":{"line":31,"column":25}},"type":"binary-expr","locations":[{"start":{"line":31,"column":8},"end":{"line":31,"column":13}},{"start":{"line":31,"column":17},"end":{"line":31,"column":25}}],"line":31},"4":{"loc":{"start":{"line":51,"column":8},"end":{"line":53,"column":9}},"type":"if","locations":[{"start":{"line":51,"column":8},"end":{"line":53,"column":9}},{"start":{},"end":{}}],"line":51},"5":{"loc":{"start":{"line":69,"column":6},"end":{"line":71,"column":7}},"type":"if","locations":[{"start":{"line":69,"column":6},"end":{"line":71,"column":7}},{"start":{},"end":{}}],"line":69},"6":{"loc":{"start":{"line":86,"column":8},"end":{"line":88,"column":9}},"type":"if","locations":[{"start":{"line":86,"column":8},"end":{"line":88,"column":9}},{"start":{},"end":{}}],"line":86}},"s":{"0":1,"1":1,"2":3,"3":3,"4":1,"5":2,"6":2,"7":1,"8":1,"9":1,"10":1,"11":3,"12":3,"13":3,"14":1,"15":2,"16":2,"17":1,"18":1,"19":1,"20":1,"21":3,"22":3,"23":3,"24":2,"25":1,"26":1,"27":1,"28":1,"29":1,"30":2,"31":2,"32":2,"33":1,"34":0,"35":1,"36":1,"37":1,"38":1,"39":3,"40":3,"41":3,"42":2,"43":1,"44":1,"45":1,"46":1,"47":1},"f":{"0":3,"1":3,"2":3,"3":2,"4":3},"b":{"0":[1,2],"1":[3,2,2],"2":[1,2],"3":[3,3],"4":[1,1],"5":[0,1],"6":[1,1]},"_coverageSchema":"1a1c01bbd47fc00a2c39e90264f33305004495a9","hash":"ba01ab646a90fee3f89d3b1fa1578bcc7b8b0e92"}
,"C:\\Users\\steve\\Projects\\PeaceOfMind\\backend\\controllers\\messagesController.js": {"path":"C:\\Users\\steve\\Projects\\PeaceOfMind\\backend\\controllers\\messagesController.js","statementMap":{"0":{"start":{"line":6,"column":4},"end":{"line":6,"column":38}},"1":{"start":{"line":9,"column":22},"end":{"line":23,"column":1}},"2":{"start":{"line":10,"column":71},"end":{"line":10,"column":79}},"3":{"start":{"line":12,"column":2},"end":{"line":14,"column":3}},"4":{"start":{"line":13,"column":4},"end":{"line":13,"column":71}},"5":{"start":{"line":16,"column":2},"end":{"line":22,"column":3}},"6":{"start":{"line":17,"column":20},"end":{"line":17,"column":102}},"7":{"start":{"line":18,"column":4},"end":{"line":18,"column":34}},"8":{"start":{"line":20,"column":4},"end":{"line":20,"column":51}},"9":{"start":{"line":21,"column":4},"end":{"line":21,"column":63}},"10":{"start":{"line":26,"column":34},"end":{"line":36,"column":1}},"11":{"start":{"line":27,"column":29},"end":{"line":27,"column":39}},"12":{"start":{"line":29,"column":2},"end":{"line":35,"column":3}},"13":{"start":{"line":30,"column":21},"end":{"line":30,"column":73}},"14":{"start":{"line":31,"column":4},"end":{"line":31,"column":35}},"15":{"start":{"line":33,"column":4},"end":{"line":33,"column":53}},"16":{"start":{"line":34,"column":4},"end":{"line":34,"column":65}},"17":{"start":{"line":39,"column":26},"end":{"line":52,"column":1}},"18":{"start":{"line":40,"column":24},"end":{"line":40,"column":34}},"19":{"start":{"line":42,"column":2},"end":{"line":51,"column":3}},"20":{"start":{"line":43,"column":19},"end":{"line":43,"column":58}},"21":{"start":{"line":44,"column":4},"end":{"line":46,"column":5}},"22":{"start":{"line":45,"column":6},"end":{"line":45,"column":67}},"23":{"start":{"line":47,"column":4},"end":{"line":47,"column":65}},"24":{"start":{"line":49,"column":4},"end":{"line":49,"column":59}},"25":{"start":{"line":50,"column":4},"end":{"line":50,"column":71}},"26":{"start":{"line":55,"column":31},"end":{"line":65,"column":1}},"27":{"start":{"line":56,"column":21},"end":{"line":56,"column":31}},"28":{"start":{"line":58,"column":2},"end":{"line":64,"column":3}},"29":{"start":{"line":59,"column":18},"end":{"line":59,"column":59}},"30":{"start":{"line":60,"column":4},"end":{"line":60,"column":50}},"31":{"start":{"line":62,"column":4},"end":{"line":62,"column":66}},"32":{"start":{"line":63,"column":4},"end":{"line":63,"column":78}},"33":{"start":{"line":67,"column":0},"end":{"line":72,"column":2}}},"fnMap":{"0":{"name":"(anonymous_0)","decl":{"start":{"line":9,"column":22},"end":{"line":9,"column":23}},"loc":{"start":{"line":9,"column":42},"end":{"line":23,"column":1}},"line":9},"1":{"name":"(anonymous_1)","decl":{"start":{"line":26,"column":34},"end":{"line":26,"column":35}},"loc":{"start":{"line":26,"column":54},"end":{"line":36,"column":1}},"line":26},"2":{"name":"(anonymous_2)","decl":{"start":{"line":39,"column":26},"end":{"line":39,"column":27}},"loc":{"start":{"line":39,"column":46},"end":{"line":52,"column":1}},"line":39},"3":{"name":"(anonymous_3)","decl":{"start":{"line":55,"column":31},"end":{"line":55,"column":32}},"loc":{"start":{"line":55,"column":51},"end":{"line":65,"column":1}},"line":55}},"branchMap":{"0":{"loc":{"start":{"line":12,"column":2},"end":{"line":14,"column":3}},"type":"if","locations":[{"start":{"line":12,"column":2},"end":{"line":14,"column":3}},{"start":{},"end":{}}],"line":12},"1":{"loc":{"start":{"line":12,"column":6},"end":{"line":12,"column":72}},"type":"binary-expr","locations":[{"start":{"line":12,"column":6},"end":{"line":12,"column":22}},{"start":{"line":12,"column":26},"end":{"line":12,"column":36}},{"start":{"line":12,"column":40},"end":{"line":12,"column":52}},{"start":{"line":12,"column":56},"end":{"line":12,"column":72}}],"line":12},"2":{"loc":{"start":{"line":44,"column":4},"end":{"line":46,"column":5}},"type":"if","locations":[{"start":{"line":44,"column":4},"end":{"line":46,"column":5}},{"start":{},"end":{}}],"line":44}},"s":{"0":1,"1":1,"2":3,"3":3,"4":1,"5":2,"6":2,"7":1,"8":1,"9":1,"10":1,"11":2,"12":2,"13":2,"14":1,"15":1,"16":1,"17":1,"18":3,"19":3,"20":3,"21":2,"22":1,"23":1,"24":1,"25":1,"26":1,"27":2,"28":2,"29":2,"30":1,"31":1,"32":1,"33":1},"f":{"0":3,"1":2,"2":3,"3":2},"b":{"0":[1,2],"1":[3,2,2,2],"2":[1,1]},"_coverageSchema":"1a1c01bbd47fc00a2c39e90264f33305004495a9","hash":"6716fab5050437e7adeae09be4f14e8f098afdd2"}
,"C:\\Users\\steve\\Projects\\PeaceOfMind\\backend\\controllers\\usersController.js": {"path":"C:\\Users\\steve\\Projects\\PeaceOfMind\\backend\\controllers\\usersController.js","statementMap":{"0":{"start":{"line":7,"column":4},"end":{"line":7,"column":35}},"1":{"start":{"line":10,"column":22},"end":{"line":18,"column":1}},"2":{"start":{"line":11,"column":2},"end":{"line":17,"column":3}},"3":{"start":{"line":12,"column":18},"end":{"line":12,"column":37}},"4":{"start":{"line":13,"column":4},"end":{"line":13,"column":32}},"5":{"start":{"line":15,"column":4},"end":{"line":15,"column":52}},"6":{"start":{"line":16,"column":4},"end":{"line":16,"column":61}},"7":{"start":{"line":21,"column":22},"end":{"line":42,"column":1}},"8":{"start":{"line":22,"column":17},"end":{"line":22,"column":44}},"9":{"start":{"line":23,"column":2},"end":{"line":25,"column":3}},"10":{"start":{"line":24,"column":4},"end":{"line":24,"column":62}},"11":{"start":{"line":27,"column":2},"end":{"line":41,"column":3}},"12":{"start":{"line":28,"column":17},"end":{"line":28,"column":42}},"13":{"start":{"line":29,"column":4},"end":{"line":31,"column":5}},"14":{"start":{"line":30,"column":6},"end":{"line":30,"column":63}},"15":{"start":{"line":34,"column":4},"end":{"line":35,"column":65}},"16":{"start":{"line":37,"column":4},"end":{"line":37,"column":31}},"17":{"start":{"line":39,"column":4},"end":{"line":39,"column":51}},"18":{"start":{"line":40,"column":4},"end":{"line":40,"column":61}},"19":{"start":{"line":44,"column":23},"end":{"line":62,"column":1}},"20":{"start":{"line":45,"column":17},"end":{"line":45,"column":44}},"21":{"start":{"line":46,"column":2},"end":{"line":48,"column":3}},"22":{"start":{"line":47,"column":4},"end":{"line":47,"column":62}},"23":{"start":{"line":50,"column":2},"end":{"line":61,"column":3}},"24":{"start":{"line":51,"column":25},"end":{"line":51,"column":58}},"25":{"start":{"line":52,"column":4},"end":{"line":56,"column":5}},"26":{"start":{"line":53,"column":6},"end":{"line":55,"column":65}},"27":{"start":{"line":57,"column":4},"end":{"line":57,"column":39}},"28":{"start":{"line":59,"column":4},"end":{"line":59,"column":65}},"29":{"start":{"line":60,"column":4},"end":{"line":60,"column":61}},"30":{"start":{"line":64,"column":23},"end":{"line":80,"column":1}},"31":{"start":{"line":65,"column":17},"end":{"line":65,"column":44}},"32":{"start":{"line":66,"column":2},"end":{"line":68,"column":3}},"33":{"start":{"line":67,"column":4},"end":{"line":67,"column":62}},"34":{"start":{"line":70,"column":2},"end":{"line":79,"column":3}},"35":{"start":{"line":71,"column":18},"end":{"line":71,"column":44}},"36":{"start":{"line":72,"column":4},"end":{"line":74,"column":5}},"37":{"start":{"line":73,"column":6},"end":{"line":73,"column":77}},"38":{"start":{"line":75,"column":4},"end":{"line":75,"column":32}},"39":{"start":{"line":77,"column":4},"end":{"line":77,"column":58}},"40":{"start":{"line":78,"column":4},"end":{"line":78,"column":61}},"41":{"start":{"line":82,"column":0},"end":{"line":87,"column":2}}},"fnMap":{"0":{"name":"(anonymous_0)","decl":{"start":{"line":10,"column":22},"end":{"line":10,"column":23}},"loc":{"start":{"line":10,"column":42},"end":{"line":18,"column":1}},"line":10},"1":{"name":"(anonymous_1)","decl":{"start":{"line":21,"column":22},"end":{"line":21,"column":23}},"loc":{"start":{"line":21,"column":42},"end":{"line":42,"column":1}},"line":21},"2":{"name":"(anonymous_2)","decl":{"start":{"line":44,"column":23},"end":{"line":44,"column":24}},"loc":{"start":{"line":44,"column":43},"end":{"line":62,"column":1}},"line":44},"3":{"name":"(anonymous_3)","decl":{"start":{"line":64,"column":23},"end":{"line":64,"column":24}},"loc":{"start":{"line":64,"column":43},"end":{"line":80,"column":1}},"line":64}},"branchMap":{"0":{"loc":{"start":{"line":23,"column":2},"end":{"line":25,"column":3}},"type":"if","locations":[{"start":{"line":23,"column":2},"end":{"line":25,"column":3}},{"start":{},"end":{}}],"line":23},"1":{"loc":{"start":{"line":29,"column":4},"end":{"line":31,"column":5}},"type":"if","locations":[{"start":{"line":29,"column":4},"end":{"line":31,"column":5}},{"start":{},"end":{}}],"line":29},"2":{"loc":{"start":{"line":35,"column":6},"end":{"line":35,"column":64}},"type":"binary-expr","locations":[{"start":{"line":35,"column":6},"end":{"line":35,"column":30}},{"start":{"line":35,"column":34},"end":{"line":35,"column":64}}],"line":35},"3":{"loc":{"start":{"line":46,"column":2},"end":{"line":48,"column":3}},"type":"if","locations":[{"start":{"line":46,"column":2},"end":{"line":48,"column":3}},{"start":{},"end":{}}],"line":46},"4":{"loc":{"start":{"line":52,"column":4},"end":{"line":56,"column":5}},"type":"if","locations":[{"start":{"line":52,"column":4},"end":{"line":56,"column":5}},{"start":{},"end":{}}],"line":52},"5":{"loc":{"start":{"line":66,"column":2},"end":{"line":68,"column":3}},"type":"if","locations":[{"start":{"line":66,"column":2},"end":{"line":68,"column":3}},{"start":{},"end":{}}],"line":66},"6":{"loc":{"start":{"line":72,"column":4},"end":{"line":74,"column":5}},"type":"if","locations":[{"start":{"line":72,"column":4},"end":{"line":74,"column":5}},{"start":{},"end":{}}],"line":72}},"s":{"0":1,"1":1,"2":2,"3":2,"4":1,"5":1,"6":1,"7":1,"8":4,"9":4,"10":1,"11":3,"12":3,"13":2,"14":1,"15":1,"16":1,"17":1,"18":1,"19":1,"20":4,"21":4,"22":1,"23":3,"24":3,"25":2,"26":1,"27":1,"28":1,"29":1,"30":1,"31":3,"32":3,"33":1,"34":2,"35":2,"36":1,"37":0,"38":1,"39":1,"40":1,"41":1},"f":{"0":2,"1":4,"2":4,"3":3},"b":{"0":[1,3],"1":[1,1],"2":[1,1],"3":[1,3],"4":[1,1],"5":[1,2],"6":[0,1]},"_coverageSchema":"1a1c01bbd47fc00a2c39e90264f33305004495a9","hash":"fcae9abad70ac2554a9b2afae053d4de85e2d6be"}
,"C:\\Users\\steve\\Projects\\PeaceOfMind\\backend\\models\\appointmentsModel.js": {"path":"C:\\Users\\steve\\Projects\\PeaceOfMind\\backend\\models\\appointmentsModel.js","statementMap":{"0":{"start":{"line":1,"column":13},"end":{"line":1,"column":36}},"1":{"start":{"line":4,"column":26},"end":{"line":11,"column":1}},"2":{"start":{"line":5,"column":17},"end":{"line":9,"column":3}},"3":{"start":{"line":10,"column":2},"end":{"line":10,"column":24}},"4":{"start":{"line":14,"column":27},"end":{"line":20,"column":1}},"5":{"start":{"line":15,"column":17},"end":{"line":18,"column":3}},"6":{"start":{"line":19,"column":2},"end":{"line":19,"column":24}},"7":{"start":{"line":23,"column":33},"end":{"line":33,"column":1}},"8":{"start":{"line":24,"column":17},"end":{"line":31,"column":3}},"9":{"start":{"line":32,"column":2},"end":{"line":32,"column":21}},"10":{"start":{"line":36,"column":35},"end":{"line":45,"column":1}},"11":{"start":{"line":37,"column":17},"end":{"line":43,"column":3}},"12":{"start":{"line":44,"column":2},"end":{"line":44,"column":21}},"13":{"start":{"line":48,"column":32},"end":{"line":54,"column":1}},"14":{"start":{"line":49,"column":17},"end":{"line":52,"column":3}},"15":{"start":{"line":53,"column":2},"end":{"line":53,"column":53}},"16":{"start":{"line":57,"column":26},"end":{"line":63,"column":1}},"17":{"start":{"line":58,"column":17},"end":{"line":61,"column":3}},"18":{"start":{"line":62,"column":2},"end":{"line":62,"column":53}},"19":{"start":{"line":65,"column":0},"end":{"line":72,"column":2}}},"fnMap":{"0":{"name":"(anonymous_0)","decl":{"start":{"line":4,"column":26},"end":{"line":4,"column":27}},"loc":{"start":{"line":4,"column":92},"end":{"line":11,"column":1}},"line":4},"1":{"name":"(anonymous_1)","decl":{"start":{"line":14,"column":27},"end":{"line":14,"column":28}},"loc":{"start":{"line":14,"column":41},"end":{"line":20,"column":1}},"line":14},"2":{"name":"(anonymous_2)","decl":{"start":{"line":23,"column":33},"end":{"line":23,"column":34}},"loc":{"start":{"line":23,"column":54},"end":{"line":33,"column":1}},"line":23},"3":{"name":"(anonymous_3)","decl":{"start":{"line":36,"column":35},"end":{"line":36,"column":36}},"loc":{"start":{"line":36,"column":58},"end":{"line":45,"column":1}},"line":36},"4":{"name":"(anonymous_4)","decl":{"start":{"line":48,"column":32},"end":{"line":48,"column":33}},"loc":{"start":{"line":48,"column":54},"end":{"line":54,"column":1}},"line":48},"5":{"name":"(anonymous_5)","decl":{"start":{"line":57,"column":26},"end":{"line":57,"column":27}},"loc":{"start":{"line":57,"column":40},"end":{"line":63,"column":1}},"line":57}},"branchMap":{"0":{"loc":{"start":{"line":53,"column":9},"end":{"line":53,"column":52}},"type":"cond-expr","locations":[{"start":{"line":53,"column":31},"end":{"line":53,"column":45}},{"start":{"line":53,"column":48},"end":{"line":53,"column":52}}],"line":53},"1":{"loc":{"start":{"line":62,"column":9},"end":{"line":62,"column":52}},"type":"cond-expr","locations":[{"start":{"line":62,"column":31},"end":{"line":62,"column":45}},{"start":{"line":62,"column":48},"end":{"line":62,"column":52}}],"line":62}},"s":{"0":1,"1":1,"2":0,"3":0,"4":1,"5":0,"6":0,"7":1,"8":0,"9":0,"10":1,"11":0,"12":0,"13":1,"14":0,"15":0,"16":1,"17":0,"18":0,"19":1},"f":{"0":0,"1":0,"2":0,"3":0,"4":0,"5":0},"b":{"0":[0,0],"1":[0,0]},"_coverageSchema":"1a1c01bbd47fc00a2c39e90264f33305004495a9","hash":"1cd0886a3cef67203aefff8f366f00bfc26d6dfe"}
,"C:\\Users\\steve\\Projects\\PeaceOfMind\\backend\\models\\authModel.js": {"path":"C:\\Users\\steve\\Projects\\PeaceOfMind\\backend\\models\\authModel.js","statementMap":{"0":{"start":{"line":1,"column":13},"end":{"line":1,"column":36}},"1":{"start":{"line":5,"column":19},"end":{"line":25,"column":1}},"2":{"start":{"line":6,"column":21},"end":{"line":10,"column":3}},"3":{"start":{"line":11,"column":17},"end":{"line":11,"column":38}},"4":{"start":{"line":13,"column":21},"end":{"line":16,"column":3}},"5":{"start":{"line":17,"column":2},"end":{"line":24,"column":4}},"6":{"start":{"line":29,"column":24},"end":{"line":38,"column":1}},"7":{"start":{"line":30,"column":17},"end":{"line":36,"column":3}},"8":{"start":{"line":37,"column":2},"end":{"line":37,"column":24}},"9":{"start":{"line":41,"column":21},"end":{"line":44,"column":1}},"10":{"start":{"line":42,"column":17},"end":{"line":42,"column":80}},"11":{"start":{"line":43,"column":2},"end":{"line":43,"column":24}},"12":{"start":{"line":46,"column":27},"end":{"line":54,"column":1}},"13":{"start":{"line":47,"column":16},"end":{"line":51,"column":3}},"14":{"start":{"line":52,"column":17},"end":{"line":52,"column":41}},"15":{"start":{"line":53,"column":2},"end":{"line":53,"column":34}},"16":{"start":{"line":57,"column":0},"end":{"line":57,"column":83}}},"fnMap":{"0":{"name":"(anonymous_0)","decl":{"start":{"line":5,"column":19},"end":{"line":5,"column":20}},"loc":{"start":{"line":5,"column":85},"end":{"line":25,"column":1}},"line":5},"1":{"name":"(anonymous_1)","decl":{"start":{"line":29,"column":24},"end":{"line":29,"column":25}},"loc":{"start":{"line":29,"column":41},"end":{"line":38,"column":1}},"line":29},"2":{"name":"(anonymous_2)","decl":{"start":{"line":41,"column":21},"end":{"line":41,"column":22}},"loc":{"start":{"line":41,"column":39},"end":{"line":44,"column":1}},"line":41},"3":{"name":"(anonymous_3)","decl":{"start":{"line":46,"column":27},"end":{"line":46,"column":28}},"loc":{"start":{"line":46,"column":61},"end":{"line":54,"column":1}},"line":46}},"branchMap":{},"s":{"0":1,"1":1,"2":0,"3":0,"4":0,"5":0,"6":1,"7":0,"8":0,"9":1,"10":0,"11":0,"12":1,"13":0,"14":0,"15":0,"16":1},"f":{"0":0,"1":0,"2":0,"3":0},"b":{},"_coverageSchema":"1a1c01bbd47fc00a2c39e90264f33305004495a9","hash":"b6110a1bcde93d4bf2dce0ed89cb594bb510844a"}
,"C:\\Users\\steve\\Projects\\PeaceOfMind\\backend\\models\\conversationsModel.js": {"path":"C:\\Users\\steve\\Projects\\PeaceOfMind\\backend\\models\\conversationsModel.js","statementMap":{"0":{"start":{"line":1,"column":13},"end":{"line":1,"column":36}},"1":{"start":{"line":4,"column":32},"end":{"line":32,"column":1}},"2":{"start":{"line":5,"column":2},"end":{"line":31,"column":3}},"3":{"start":{"line":7,"column":25},"end":{"line":11,"column":5}},"4":{"start":{"line":13,"column":4},"end":{"line":15,"column":5}},"5":{"start":{"line":14,"column":6},"end":{"line":14,"column":90}},"6":{"start":{"line":18,"column":19},"end":{"line":25,"column":5}},"7":{"start":{"line":27,"column":4},"end":{"line":27,"column":26}},"8":{"start":{"line":29,"column":4},"end":{"line":29,"column":62}},"9":{"start":{"line":30,"column":4},"end":{"line":30,"column":16}},"10":{"start":{"line":35,"column":36},"end":{"line":67,"column":1}},"11":{"start":{"line":37,"column":15},"end":{"line":37,"column":23}},"12":{"start":{"line":39,"column":2},"end":{"line":63,"column":3}},"13":{"start":{"line":40,"column":4},"end":{"line":50,"column":6}},"14":{"start":{"line":51,"column":9},"end":{"line":63,"column":3}},"15":{"start":{"line":52,"column":4},"end":{"line":60,"column":6}},"16":{"start":{"line":62,"column":4},"end":{"line":62,"column":81}},"17":{"start":{"line":65,"column":17},"end":{"line":65,"column":48}},"18":{"start":{"line":66,"column":2},"end":{"line":66,"column":21}},"19":{"start":{"line":71,"column":36},"end":{"line":77,"column":1}},"20":{"start":{"line":72,"column":17},"end":{"line":75,"column":3}},"21":{"start":{"line":76,"column":2},"end":{"line":76,"column":24}},"22":{"start":{"line":79,"column":0},"end":{"line":83,"column":2}}},"fnMap":{"0":{"name":"(anonymous_0)","decl":{"start":{"line":4,"column":32},"end":{"line":4,"column":33}},"loc":{"start":{"line":4,"column":68},"end":{"line":32,"column":1}},"line":4},"1":{"name":"(anonymous_1)","decl":{"start":{"line":35,"column":36},"end":{"line":35,"column":37}},"loc":{"start":{"line":35,"column":60},"end":{"line":67,"column":1}},"line":35},"2":{"name":"(anonymous_2)","decl":{"start":{"line":71,"column":36},"end":{"line":71,"column":37}},"loc":{"start":{"line":71,"column":62},"end":{"line":77,"column":1}},"line":71}},"branchMap":{"0":{"loc":{"start":{"line":13,"column":4},"end":{"line":15,"column":5}},"type":"if","locations":[{"start":{"line":13,"column":4},"end":{"line":15,"column":5}},{"start":{},"end":{}}],"line":13},"1":{"loc":{"start":{"line":39,"column":2},"end":{"line":63,"column":3}},"type":"if","locations":[{"start":{"line":39,"column":2},"end":{"line":63,"column":3}},{"start":{"line":51,"column":9},"end":{"line":63,"column":3}}],"line":39},"2":{"loc":{"start":{"line":51,"column":9},"end":{"line":63,"column":3}},"type":"if","locations":[{"start":{"line":51,"column":9},"end":{"line":63,"column":3}},{"start":{"line":61,"column":9},"end":{"line":63,"column":3}}],"line":51}},"s":{"0":1,"1":1,"2":0,"3":0,"4":0,"5":0,"6":0,"7":0,"8":0,"9":0,"10":1,"11":0,"12":0,"13":0,"14":0,"15":0,"16":0,"17":0,"18":0,"19":1,"20":0,"21":0,"22":1},"f":{"0":0,"1":0,"2":0},"b":{"0":[0,0],"1":[0,0],"2":[0,0]},"_coverageSchema":"1a1c01bbd47fc00a2c39e90264f33305004495a9","hash":"bf66f0595b90d387ad3ef35fbda1a533eb54f4fa"}
,"C:\\Users\\steve\\Projects\\PeaceOfMind\\backend\\models\\documentsModel.js": {"path":"C:\\Users\\steve\\Projects\\PeaceOfMind\\backend\\models\\documentsModel.js","statementMap":{"0":{"start":{"line":1,"column":13},"end":{"line":1,"column":36}},"1":{"start":{"line":3,"column":23},"end":{"line":11,"column":1}},"2":{"start":{"line":4,"column":27},"end":{"line":9,"column":5}},"3":{"start":{"line":10,"column":4},"end":{"line":10,"column":34}},"4":{"start":{"line":13,"column":24},"end":{"line":21,"column":1}},"5":{"start":{"line":14,"column":19},"end":{"line":19,"column":5}},"6":{"start":{"line":20,"column":4},"end":{"line":20,"column":26}},"7":{"start":{"line":23,"column":31},"end":{"line":29,"column":1}},"8":{"start":{"line":24,"column":28},"end":{"line":27,"column":5}},"9":{"start":{"line":28,"column":4},"end":{"line":28,"column":32}},"10":{"start":{"line":31,"column":27},"end":{"line":68,"column":1}},"11":{"start":{"line":32,"column":4},"end":{"line":67,"column":5}},"12":{"start":{"line":33,"column":34},"end":{"line":38,"column":9}},"13":{"start":{"line":40,"column":9},"end":{"line":42,"column":9}},"14":{"start":{"line":41,"column":12},"end":{"line":41,"column":24}},"15":{"start":{"line":44,"column":82},"end":{"line":44,"column":106}},"16":{"start":{"line":47,"column":23},"end":{"line":53,"column":9}},"17":{"start":{"line":55,"column":32},"end":{"line":55,"column":46}},"18":{"start":{"line":57,"column":9},"end":{"line":61,"column":10}},"19":{"start":{"line":63,"column":8},"end":{"line":63,"column":31}},"20":{"start":{"line":65,"column":8},"end":{"line":65,"column":57}},"21":{"start":{"line":66,"column":8},"end":{"line":66,"column":20}},"22":{"start":{"line":69,"column":32},"end":{"line":83,"column":1}},"23":{"start":{"line":70,"column":4},"end":{"line":82,"column":5}},"24":{"start":{"line":71,"column":35},"end":{"line":77,"column":9}},"25":{"start":{"line":78,"column":8},"end":{"line":78,"column":39}},"26":{"start":{"line":80,"column":8},"end":{"line":80,"column":64}},"27":{"start":{"line":81,"column":8},"end":{"line":81,"column":20}},"28":{"start":{"line":85,"column":38},"end":{"line":108,"column":1}},"29":{"start":{"line":86,"column":4},"end":{"line":107,"column":5}},"30":{"start":{"line":87,"column":22},"end":{"line":87,"column":32}},"31":{"start":{"line":88,"column":28},"end":{"line":88,"column":85}},"32":{"start":{"line":89,"column":8},"end":{"line":89,"column":41}},"33":{"start":{"line":91,"column":26},"end":{"line":91,"column":47}},"34":{"start":{"line":92,"column":8},"end":{"line":92,"column":51}},"35":{"start":{"line":93,"column":8},"end":{"line":93,"column":44}},"36":{"start":{"line":95,"column":23},"end":{"line":101,"column":9}},"37":{"start":{"line":103,"column":8},"end":{"line":103,"column":38}},"38":{"start":{"line":105,"column":8},"end":{"line":105,"column":62}},"39":{"start":{"line":106,"column":8},"end":{"line":106,"column":20}},"40":{"start":{"line":111,"column":0},"end":{"line":111,"column":151}}},"fnMap":{"0":{"name":"(anonymous_0)","decl":{"start":{"line":3,"column":23},"end":{"line":3,"column":24}},"loc":{"start":{"line":3,"column":75},"end":{"line":11,"column":1}},"line":3},"1":{"name":"(anonymous_1)","decl":{"start":{"line":13,"column":24},"end":{"line":13,"column":25}},"loc":{"start":{"line":13,"column":38},"end":{"line":21,"column":1}},"line":13},"2":{"name":"(anonymous_2)","decl":{"start":{"line":23,"column":31},"end":{"line":23,"column":32}},"loc":{"start":{"line":23,"column":49},"end":{"line":29,"column":1}},"line":23},"3":{"name":"(anonymous_3)","decl":{"start":{"line":31,"column":27},"end":{"line":31,"column":28}},"loc":{"start":{"line":31,"column":74},"end":{"line":68,"column":1}},"line":31},"4":{"name":"(anonymous_4)","decl":{"start":{"line":69,"column":32},"end":{"line":69,"column":33}},"loc":{"start":{"line":69,"column":50},"end":{"line":83,"column":1}},"line":69},"5":{"name":"(anonymous_5)","decl":{"start":{"line":85,"column":38},"end":{"line":85,"column":39}},"loc":{"start":{"line":85,"column":56},"end":{"line":108,"column":1}},"line":85}},"branchMap":{"0":{"loc":{"start":{"line":40,"column":9},"end":{"line":42,"column":9}},"type":"if","locations":[{"start":{"line":40,"column":9},"end":{"line":42,"column":9}},{"start":{},"end":{}}],"line":40}},"s":{"0":1,"1":1,"2":0,"3":0,"4":1,"5":0,"6":0,"7":1,"8":0,"9":0,"10":1,"11":0,"12":0,"13":0,"14":0,"15":0,"16":0,"17":0,"18":0,"19":0,"20":0,"21":0,"22":1,"23":0,"24":0,"25":0,"26":0,"27":0,"28":1,"29":0,"30":0,"31":0,"32":0,"33":0,"34":0,"35":0,"36":0,"37":0,"38":0,"39":0,"40":1},"f":{"0":0,"1":0,"2":0,"3":0,"4":0,"5":0},"b":{"0":[0,0]},"_coverageSchema":"1a1c01bbd47fc00a2c39e90264f33305004495a9","hash":"13421e96f5a7717c8c3ca1e68fe4723f3280507f"}
,"C:\\Users\\steve\\Projects\\PeaceOfMind\\backend\\models\\invoicesModel.js": {"path":"C:\\Users\\steve\\Projects\\PeaceOfMind\\backend\\models\\invoicesModel.js","statementMap":{"0":{"start":{"line":1,"column":13},"end":{"line":1,"column":36}},"1":{"start":{"line":4,"column":23},"end":{"line":19,"column":1}},"2":{"start":{"line":5,"column":17},"end":{"line":17,"column":3}},"3":{"start":{"line":18,"column":2},"end":{"line":18,"column":21}},"4":{"start":{"line":22,"column":31},"end":{"line":36,"column":1}},"5":{"start":{"line":23,"column":17},"end":{"line":34,"column":3}},"6":{"start":{"line":35,"column":2},"end":{"line":35,"column":21}},"7":{"start":{"line":39,"column":23},"end":{"line":55,"column":1}},"8":{"start":{"line":40,"column":17},"end":{"line":53,"column":3}},"9":{"start":{"line":54,"column":2},"end":{"line":54,"column":24}},"10":{"start":{"line":58,"column":22},"end":{"line":67,"column":1}},"11":{"start":{"line":59,"column":17},"end":{"line":65,"column":3}},"12":{"start":{"line":66,"column":2},"end":{"line":66,"column":24}},"13":{"start":{"line":70,"column":19},"end":{"line":85,"column":1}},"14":{"start":{"line":71,"column":17},"end":{"line":83,"column":3}},"15":{"start":{"line":84,"column":2},"end":{"line":84,"column":24}},"16":{"start":{"line":88,"column":22},"end":{"line":114,"column":1}},"17":{"start":{"line":89,"column":54},"end":{"line":89,"column":64}},"18":{"start":{"line":91,"column":22},"end":{"line":101,"column":3}},"19":{"start":{"line":104,"column":17},"end":{"line":110,"column":3}},"20":{"start":{"line":112,"column":17},"end":{"line":112,"column":54}},"21":{"start":{"line":113,"column":2},"end":{"line":113,"column":24}},"22":{"start":{"line":117,"column":22},"end":{"line":123,"column":1}},"23":{"start":{"line":118,"column":17},"end":{"line":121,"column":3}},"24":{"start":{"line":122,"column":2},"end":{"line":122,"column":24}},"25":{"start":{"line":126,"column":33},"end":{"line":139,"column":1}},"26":{"start":{"line":127,"column":17},"end":{"line":137,"column":3}},"27":{"start":{"line":138,"column":2},"end":{"line":138,"column":21}},"28":{"start":{"line":141,"column":0},"end":{"line":150,"column":2}}},"fnMap":{"0":{"name":"(anonymous_0)","decl":{"start":{"line":4,"column":23},"end":{"line":4,"column":24}},"loc":{"start":{"line":4,"column":35},"end":{"line":19,"column":1}},"line":4},"1":{"name":"(anonymous_1)","decl":{"start":{"line":22,"column":31},"end":{"line":22,"column":32}},"loc":{"start":{"line":22,"column":52},"end":{"line":36,"column":1}},"line":22},"2":{"name":"(anonymous_2)","decl":{"start":{"line":39,"column":23},"end":{"line":39,"column":24}},"loc":{"start":{"line":39,"column":44},"end":{"line":55,"column":1}},"line":39},"3":{"name":"(anonymous_3)","decl":{"start":{"line":58,"column":22},"end":{"line":58,"column":23}},"loc":{"start":{"line":58,"column":76},"end":{"line":67,"column":1}},"line":58},"4":{"name":"(anonymous_4)","decl":{"start":{"line":70,"column":19},"end":{"line":70,"column":20}},"loc":{"start":{"line":70,"column":52},"end":{"line":85,"column":1}},"line":70},"5":{"name":"(anonymous_5)","decl":{"start":{"line":88,"column":22},"end":{"line":88,"column":23}},"loc":{"start":{"line":88,"column":55},"end":{"line":114,"column":1}},"line":88},"6":{"name":"(anonymous_6)","decl":{"start":{"line":117,"column":22},"end":{"line":117,"column":23}},"loc":{"start":{"line":117,"column":43},"end":{"line":123,"column":1}},"line":117},"7":{"name":"(anonymous_7)","decl":{"start":{"line":126,"column":33},"end":{"line":126,"column":34}},"loc":{"start":{"line":126,"column":56},"end":{"line":139,"column":1}},"line":126}},"branchMap":{"0":{"loc":{"start":{"line":94,"column":8},"end":{"line":94,"column":47}},"type":"cond-expr","locations":[{"start":{"line":94,"column":22},"end":{"line":94,"column":42}},{"start":{"line":94,"column":45},"end":{"line":94,"column":47}}],"line":94},"1":{"loc":{"start":{"line":95,"column":8},"end":{"line":95,"column":57}},"type":"cond-expr","locations":[{"start":{"line":95,"column":34},"end":{"line":95,"column":52}},{"start":{"line":95,"column":55},"end":{"line":95,"column":57}}],"line":95},"2":{"loc":{"start":{"line":96,"column":8},"end":{"line":96,"column":39}},"type":"cond-expr","locations":[{"start":{"line":96,"column":18},"end":{"line":96,"column":34}},{"start":{"line":96,"column":37},"end":{"line":96,"column":39}}],"line":96},"3":{"loc":{"start":{"line":97,"column":8},"end":{"line":97,"column":36}},"type":"cond-expr","locations":[{"start":{"line":97,"column":17},"end":{"line":97,"column":31}},{"start":{"line":97,"column":34},"end":{"line":97,"column":36}}],"line":97},"4":{"loc":{"start":{"line":106,"column":8},"end":{"line":106,"column":40}},"type":"cond-expr","locations":[{"start":{"line":106,"column":22},"end":{"line":106,"column":35}},{"start":{"line":106,"column":38},"end":{"line":106,"column":40}}],"line":106},"5":{"loc":{"start":{"line":107,"column":8},"end":{"line":107,"column":50}},"type":"cond-expr","locations":[{"start":{"line":107,"column":34},"end":{"line":107,"column":45}},{"start":{"line":107,"column":48},"end":{"line":107,"column":50}}],"line":107},"6":{"loc":{"start":{"line":108,"column":8},"end":{"line":108,"column":32}},"type":"cond-expr","locations":[{"start":{"line":108,"column":18},"end":{"line":108,"column":27}},{"start":{"line":108,"column":30},"end":{"line":108,"column":32}}],"line":108},"7":{"loc":{"start":{"line":109,"column":8},"end":{"line":109,"column":30}},"type":"cond-expr","locations":[{"start":{"line":109,"column":17},"end":{"line":109,"column":25}},{"start":{"line":109,"column":28},"end":{"line":109,"column":30}}],"line":109}},"s":{"0":1,"1":1,"2":0,"3":0,"4":1,"5":0,"6":0,"7":1,"8":0,"9":0,"10":1,"11":0,"12":0,"13":1,"14":0,"15":0,"16":1,"17":0,"18":0,"19":0,"20":0,"21":0,"22":1,"23":0,"24":0,"25":1,"26":0,"27":0,"28":1},"f":{"0":0,"1":0,"2":0,"3":0,"4":0,"5":0,"6":0,"7":0},"b":{"0":[0,0],"1":[0,0],"2":[0,0],"3":[0,0],"4":[0,0],"5":[0,0],"6":[0,0],"7":[0,0]},"_coverageSchema":"1a1c01bbd47fc00a2c39e90264f33305004495a9","hash":"7e4264ac78a9fd208d73943b178b2e647322283e"}
,"C:\\Users\\steve\\Projects\\PeaceOfMind\\backend\\models\\journalsModel.js": {"path":"C:\\Users\\steve\\Projects\\PeaceOfMind\\backend\\models\\journalsModel.js","statementMap":{"0":{"start":{"line":1,"column":13},"end":{"line":1,"column":36}},"1":{"start":{"line":4,"column":27},"end":{"line":18,"column":1}},"2":{"start":{"line":5,"column":27},"end":{"line":9,"column":5}},"3":{"start":{"line":11,"column":26},"end":{"line":15,"column":5}},"4":{"start":{"line":17,"column":4},"end":{"line":17,"column":80}},"5":{"start":{"line":21,"column":27},"end":{"line":34,"column":1}},"6":{"start":{"line":22,"column":27},"end":{"line":26,"column":5}},"7":{"start":{"line":28,"column":26},"end":{"line":31,"column":5}},"8":{"start":{"line":33,"column":4},"end":{"line":33,"column":80}},"9":{"start":{"line":37,"column":23},"end":{"line":47,"column":1}},"10":{"start":{"line":38,"column":19},"end":{"line":44,"column":5}},"11":{"start":{"line":46,"column":4},"end":{"line":46,"column":26}},"12":{"start":{"line":50,"column":28},"end":{"line":60,"column":1}},"13":{"start":{"line":51,"column":19},"end":{"line":57,"column":5}},"14":{"start":{"line":59,"column":4},"end":{"line":59,"column":23}},"15":{"start":{"line":63,"column":27},"end":{"line":71,"column":1}},"16":{"start":{"line":64,"column":19},"end":{"line":68,"column":5}},"17":{"start":{"line":70,"column":4},"end":{"line":70,"column":26}},"18":{"start":{"line":73,"column":0},"end":{"line":79,"column":2}}},"fnMap":{"0":{"name":"(anonymous_0)","decl":{"start":{"line":4,"column":27},"end":{"line":4,"column":28}},"loc":{"start":{"line":4,"column":60},"end":{"line":18,"column":1}},"line":4},"1":{"name":"(anonymous_1)","decl":{"start":{"line":21,"column":27},"end":{"line":21,"column":28}},"loc":{"start":{"line":21,"column":63},"end":{"line":34,"column":1}},"line":21},"2":{"name":"(anonymous_2)","decl":{"start":{"line":37,"column":23},"end":{"line":37,"column":24}},"loc":{"start":{"line":37,"column":44},"end":{"line":47,"column":1}},"line":37},"3":{"name":"(anonymous_3)","decl":{"start":{"line":50,"column":28},"end":{"line":50,"column":29}},"loc":{"start":{"line":50,"column":46},"end":{"line":60,"column":1}},"line":50},"4":{"name":"(anonymous_4)","decl":{"start":{"line":63,"column":27},"end":{"line":63,"column":28}},"loc":{"start":{"line":63,"column":48},"end":{"line":71,"column":1}},"line":63}},"branchMap":{},"s":{"0":1,"1":1,"2":0,"3":0,"4":0,"5":1,"6":0,"7":0,"8":0,"9":1,"10":0,"11":0,"12":1,"13":0,"14":0,"15":1,"16":0,"17":0,"18":1},"f":{"0":0,"1":0,"2":0,"3":0,"4":0},"b":{},"_coverageSchema":"1a1c01bbd47fc00a2c39e90264f33305004495a9","hash":"cf3a6d529f58ae241d05251e9f30cc11b4e28839"}
,"C:\\Users\\steve\\Projects\\PeaceOfMind\\backend\\models\\messagesModel.js": {"path":"C:\\Users\\steve\\Projects\\PeaceOfMind\\backend\\models\\messagesModel.js","statementMap":{"0":{"start":{"line":1,"column":13},"end":{"line":1,"column":36}},"1":{"start":{"line":4,"column":27},"end":{"line":20,"column":1}},"2":{"start":{"line":5,"column":17},"end":{"line":10,"column":3}},"3":{"start":{"line":12,"column":2},"end":{"line":17,"column":4}},"4":{"start":{"line":19,"column":2},"end":{"line":19,"column":24}},"5":{"start":{"line":23,"column":39},"end":{"line":31,"column":1}},"6":{"start":{"line":24,"column":17},"end":{"line":29,"column":3}},"7":{"start":{"line":30,"column":2},"end":{"line":30,"column":21}},"8":{"start":{"line":34,"column":31},"end":{"line":43,"column":1}},"9":{"start":{"line":35,"column":17},"end":{"line":41,"column":3}},"10":{"start":{"line":42,"column":2},"end":{"line":42,"column":24}},"11":{"start":{"line":46,"column":36},"end":{"line":54,"column":1}},"12":{"start":{"line":47,"column":17},"end":{"line":52,"column":3}},"13":{"start":{"line":53,"column":2},"end":{"line":53,"column":51}},"14":{"start":{"line":56,"column":0},"end":{"line":61,"column":2}}},"fnMap":{"0":{"name":"(anonymous_0)","decl":{"start":{"line":4,"column":27},"end":{"line":4,"column":28}},"loc":{"start":{"line":4,"column":95},"end":{"line":20,"column":1}},"line":4},"1":{"name":"(anonymous_1)","decl":{"start":{"line":23,"column":39},"end":{"line":23,"column":40}},"loc":{"start":{"line":23,"column":65},"end":{"line":31,"column":1}},"line":23},"2":{"name":"(anonymous_2)","decl":{"start":{"line":34,"column":31},"end":{"line":34,"column":32}},"loc":{"start":{"line":34,"column":52},"end":{"line":43,"column":1}},"line":34},"3":{"name":"(anonymous_3)","decl":{"start":{"line":46,"column":36},"end":{"line":46,"column":37}},"loc":{"start":{"line":46,"column":54},"end":{"line":54,"column":1}},"line":46}},"branchMap":{},"s":{"0":1,"1":1,"2":0,"3":0,"4":0,"5":1,"6":0,"7":0,"8":1,"9":0,"10":0,"11":1,"12":0,"13":0,"14":1},"f":{"0":0,"1":0,"2":0,"3":0},"b":{},"_coverageSchema":"1a1c01bbd47fc00a2c39e90264f33305004495a9","hash":"f1cbfd00e30638e9bccec1e7be2f9dca894e6946"}
,"C:\\Users\\steve\\Projects\\PeaceOfMind\\backend\\models\\usersModel.js": {"path":"C:\\Users\\steve\\Projects\\PeaceOfMind\\backend\\models\\usersModel.js","statementMap":{"0":{"start":{"line":1,"column":13},"end":{"line":1,"column":36}},"1":{"start":{"line":4,"column":20},"end":{"line":7,"column":1}},"2":{"start":{"line":5,"column":17},"end":{"line":5,"column":56}},"3":{"start":{"line":6,"column":2},"end":{"line":6,"column":21}},"4":{"start":{"line":10,"column":20},"end":{"line":27,"column":1}},"5":{"start":{"line":11,"column":17},"end":{"line":25,"column":3}},"6":{"start":{"line":26,"column":2},"end":{"line":26,"column":24}},"7":{"start":{"line":30,"column":28},"end":{"line":36,"column":1}},"8":{"start":{"line":31,"column":17},"end":{"line":34,"column":3}},"9":{"start":{"line":35,"column":2},"end":{"line":35,"column":21}},"10":{"start":{"line":38,"column":21},"end":{"line":43,"column":1}},"11":{"start":{"line":39,"column":17},"end":{"line":41,"column":4}},"12":{"start":{"line":42,"column":2},"end":{"line":42,"column":24}},"13":{"start":{"line":45,"column":0},"end":{"line":50,"column":2}}},"fnMap":{"0":{"name":"(anonymous_0)","decl":{"start":{"line":4,"column":20},"end":{"line":4,"column":21}},"loc":{"start":{"line":4,"column":32},"end":{"line":7,"column":1}},"line":4},"1":{"name":"(anonymous_1)","decl":{"start":{"line":10,"column":20},"end":{"line":10,"column":21}},"loc":{"start":{"line":10,"column":34},"end":{"line":27,"column":1}},"line":10},"2":{"name":"(anonymous_2)","decl":{"start":{"line":30,"column":28},"end":{"line":30,"column":29}},"loc":{"start":{"line":30,"column":46},"end":{"line":36,"column":1}},"line":30},"3":{"name":"(anonymous_3)","decl":{"start":{"line":38,"column":21},"end":{"line":38,"column":22}},"loc":{"start":{"line":38,"column":39},"end":{"line":43,"column":1}},"line":38}},"branchMap":{},"s":{"0":1,"1":1,"2":0,"3":0,"4":1,"5":0,"6":0,"7":1,"8":0,"9":0,"10":1,"11":0,"12":0,"13":1},"f":{"0":0,"1":0,"2":0,"3":0},"b":{},"_coverageSchema":"1a1c01bbd47fc00a2c39e90264f33305004495a9","hash":"1bf89ce5abe4bf252f83277ffc98273b9a33ed0e"}
}
