TN:
SF:config\db.js
FN:12,(anonymous_0)
FN:16,(anonymous_1)
FNF:2
FNH:0
FNDA:0,(anonymous_0)
FNDA:0,(anonymous_1)
DA:1,9
DA:2,9
DA:4,9
DA:12,9
DA:13,0
DA:16,9
DA:17,0
DA:18,0
DA:21,9
LF:9
LH:6
BRF:0
BRH:0
end_of_record
TN:
SF:controllers\appointmentsController.js
FN:14,(anonymous_0)
FN:45,(anonymous_1)
FN:64,(anonymous_2)
FN:93,(anonymous_3)
FN:109,(anonymous_4)
FN:125,(anonymous_5)
FNF:6
FNH:4
FNDA:3,(anonymous_0)
FNDA:3,(anonymous_1)
FNDA:3,(anonymous_2)
FNDA:0,(anonymous_3)
FNDA:0,(anonymous_4)
FNDA:3,(anonymous_5)
DA:8,1
DA:11,1
DA:14,1
DA:15,3
DA:17,3
DA:18,1
DA:21,2
DA:22,0
DA:25,2
DA:26,0
DA:29,2
DA:30,2
DA:37,1
DA:40,1
DA:45,1
DA:46,3
DA:47,3
DA:48,1
DA:51,2
DA:52,2
DA:53,2
DA:54,1
DA:56,1
DA:58,0
DA:59,0
DA:64,1
DA:65,3
DA:66,3
DA:68,3
DA:69,1
DA:72,2
DA:73,0
DA:76,2
DA:77,0
DA:80,2
DA:81,2
DA:82,2
DA:83,1
DA:85,1
DA:87,0
DA:88,0
DA:93,1
DA:94,0
DA:95,0
DA:96,0
DA:99,0
DA:100,0
DA:101,0
DA:103,0
DA:104,0
DA:109,1
DA:110,0
DA:111,0
DA:112,0
DA:115,0
DA:116,0
DA:117,0
DA:119,0
DA:120,0
DA:125,1
DA:126,3
DA:127,3
DA:128,1
DA:131,2
DA:132,2
DA:133,2
DA:134,1
DA:136,1
DA:138,0
DA:139,0
DA:143,1
LF:71
LH:45
BRDA:17,0,0,1
BRDA:17,0,1,2
BRDA:17,1,0,3
BRDA:17,1,1,2
BRDA:17,1,2,2
BRDA:17,1,3,2
BRDA:21,2,0,0
BRDA:21,2,1,2
BRDA:25,3,0,0
BRDA:25,3,1,2
BRDA:47,4,0,1
BRDA:47,4,1,2
BRDA:53,5,0,1
BRDA:53,5,1,1
BRDA:68,6,0,1
BRDA:68,6,1,2
BRDA:72,7,0,0
BRDA:72,7,1,2
BRDA:76,8,0,0
BRDA:76,8,1,2
BRDA:82,9,0,1
BRDA:82,9,1,1
BRDA:95,10,0,0
BRDA:95,10,1,0
BRDA:111,11,0,0
BRDA:111,11,1,0
BRDA:127,12,0,1
BRDA:127,12,1,2
BRDA:133,13,0,1
BRDA:133,13,1,1
BRF:30
BRH:22
end_of_record
TN:
SF:controllers\authController.js
FN:11,(anonymous_0)
FN:29,(anonymous_1)
FN:63,(anonymous_2)
FN:67,(anonymous_3)
FN:76,(anonymous_4)
FN:90,(anonymous_5)
FNF:6
FNH:6
FNDA:3,(anonymous_0)
FNDA:4,(anonymous_1)
FNDA:1,(anonymous_2)
FNDA:2,(anonymous_3)
FNDA:2,(anonymous_4)
FNDA:3,(anonymous_5)
DA:1,1
DA:3,1
DA:9,1
DA:11,1
DA:12,3
DA:13,3
DA:14,3
DA:15,2
DA:16,1
DA:18,1
DA:19,1
DA:21,1
DA:25,1
DA:29,1
DA:30,4
DA:31,4
DA:32,4
DA:33,3
DA:35,2
DA:36,2
DA:37,1
DA:40,1
DA:46,1
DA:56,1
DA:57,1
DA:63,1
DA:64,1
DA:67,1
DA:68,2
DA:69,2
DA:70,1
DA:72,1
DA:76,1
DA:77,2
DA:79,2
DA:80,2
DA:81,2
DA:82,1
DA:84,1
DA:86,0
DA:87,0
DA:90,1
DA:91,3
DA:93,3
DA:94,3
DA:95,2
DA:96,1
DA:99,1
DA:100,1
DA:102,1
DA:104,1
DA:105,1
DA:111,1
LF:53
LH:51
BRDA:15,0,0,1
BRDA:15,0,1,1
BRDA:33,1,0,1
BRDA:33,1,1,2
BRDA:36,2,0,1
BRDA:36,2,1,1
BRDA:81,3,0,1
BRDA:81,3,1,1
BRDA:95,4,0,1
BRDA:95,4,1,1
BRF:10
BRH:10
end_of_record
TN:
SF:controllers\conversationsController.js
FN:8,(anonymous_0)
FN:31,(anonymous_1)
FN:50,(anonymous_2)
FNF:3
FNH:3
FNDA:4,(anonymous_0)
FNDA:3,(anonymous_1)
FNDA:3,(anonymous_2)
DA:5,1
DA:8,1
DA:9,4
DA:11,4
DA:12,1
DA:15,3
DA:16,3
DA:18,2
DA:19,1
DA:21,1
DA:24,1
DA:25,1
DA:31,1
DA:32,3
DA:33,3
DA:35,3
DA:36,1
DA:39,2
DA:40,2
DA:41,1
DA:43,1
DA:44,1
DA:50,1
DA:51,3
DA:53,3
DA:54,3
DA:55,2
DA:56,1
DA:58,1
DA:60,1
DA:61,1
DA:65,1
LF:32
LH:32
BRDA:11,0,0,1
BRDA:11,0,1,3
BRDA:11,1,0,4
BRDA:11,1,1,3
BRDA:18,2,0,1
BRDA:18,2,1,1
BRDA:35,3,0,1
BRDA:35,3,1,2
BRDA:55,4,0,1
BRDA:55,4,1,1
BRF:10
BRH:10
end_of_record
TN:
SF:controllers\documentsController.js
FN:4,(anonymous_0)
FN:16,(anonymous_1)
FN:33,(anonymous_2)
FN:45,(anonymous_3)
FN:63,(anonymous_4)
FNF:5
FNH:5
FNDA:2,(anonymous_0)
FNDA:3,(anonymous_1)
FNDA:2,(anonymous_2)
FNDA:3,(anonymous_3)
FNDA:3,(anonymous_4)
DA:1,1
DA:2,1
DA:4,1
DA:5,2
DA:7,2
DA:8,2
DA:9,1
DA:11,1
DA:12,1
DA:16,1
DA:17,3
DA:19,3
DA:20,3
DA:22,2
DA:23,1
DA:26,1
DA:28,1
DA:29,1
DA:33,1
DA:34,2
DA:36,2
DA:37,2
DA:38,1
DA:40,1
DA:41,1
DA:45,1
DA:46,3
DA:47,3
DA:49,3
DA:50,3
DA:52,2
DA:53,1
DA:56,1
DA:58,1
DA:59,1
DA:63,1
DA:64,3
DA:65,3
DA:67,3
DA:69,2
DA:70,1
DA:73,1
DA:75,1
DA:76,1
DA:82,1
LF:45
LH:45
BRDA:22,0,0,1
BRDA:22,0,1,1
BRDA:52,1,0,1
BRDA:52,1,1,1
BRDA:69,2,0,1
BRDA:69,2,1,1
BRF:6
BRH:6
end_of_record
TN:
SF:controllers\journalController.js
FN:10,(anonymous_0)
FN:27,(anonymous_1)
FN:45,(anonymous_2)
FN:63,(anonymous_3)
FN:81,(anonymous_4)
FNF:5
FNH:5
FNDA:3,(anonymous_0)
FNDA:3,(anonymous_1)
FNDA:3,(anonymous_2)
FNDA:2,(anonymous_3)
FNDA:3,(anonymous_4)
DA:7,1
DA:10,1
DA:11,3
DA:13,3
DA:14,1
DA:17,2
DA:18,2
DA:19,1
DA:21,1
DA:22,1
DA:27,1
DA:28,3
DA:29,3
DA:31,3
DA:32,1
DA:35,2
DA:36,2
DA:37,1
DA:39,1
DA:40,1
DA:45,1
DA:46,3
DA:48,3
DA:49,3
DA:51,2
DA:52,1
DA:55,1
DA:57,1
DA:58,1
DA:63,1
DA:64,2
DA:66,2
DA:67,2
DA:69,1
DA:70,0
DA:73,1
DA:75,1
DA:76,1
DA:81,1
DA:82,3
DA:84,3
DA:85,3
DA:86,2
DA:87,1
DA:89,1
DA:91,1
DA:92,1
DA:96,1
LF:48
LH:47
BRDA:13,0,0,1
BRDA:13,0,1,2
BRDA:13,1,0,3
BRDA:13,1,1,2
BRDA:13,1,2,2
BRDA:31,2,0,1
BRDA:31,2,1,2
BRDA:31,3,0,3
BRDA:31,3,1,3
BRDA:51,4,0,1
BRDA:51,4,1,1
BRDA:69,5,0,0
BRDA:69,5,1,1
BRDA:86,6,0,1
BRDA:86,6,1,1
BRF:15
BRH:14
end_of_record
TN:
SF:controllers\messagesController.js
FN:9,(anonymous_0)
FN:26,(anonymous_1)
FN:39,(anonymous_2)
FN:55,(anonymous_3)
FNF:4
FNH:4
FNDA:3,(anonymous_0)
FNDA:2,(anonymous_1)
FNDA:3,(anonymous_2)
FNDA:2,(anonymous_3)
DA:6,1
DA:9,1
DA:10,3
DA:12,3
DA:13,1
DA:16,2
DA:17,2
DA:18,1
DA:20,1
DA:21,1
DA:26,1
DA:27,2
DA:29,2
DA:30,2
DA:31,1
DA:33,1
DA:34,1
DA:39,1
DA:40,3
DA:42,3
DA:43,3
DA:44,2
DA:45,1
DA:47,1
DA:49,1
DA:50,1
DA:55,1
DA:56,2
DA:58,2
DA:59,2
DA:60,1
DA:62,1
DA:63,1
DA:67,1
LF:34
LH:34
BRDA:12,0,0,1
BRDA:12,0,1,2
BRDA:12,1,0,3
BRDA:12,1,1,2
BRDA:12,1,2,2
BRDA:12,1,3,2
BRDA:44,2,0,1
BRDA:44,2,1,1
BRF:8
BRH:8
end_of_record
TN:
SF:controllers\usersController.js
FN:10,(anonymous_0)
FN:21,(anonymous_1)
FN:44,(anonymous_2)
FN:64,(anonymous_3)
FNF:4
FNH:4
FNDA:2,(anonymous_0)
FNDA:4,(anonymous_1)
FNDA:4,(anonymous_2)
FNDA:3,(anonymous_3)
DA:7,1
DA:10,1
DA:11,2
DA:12,2
DA:13,1
DA:15,1
DA:16,1
DA:21,1
DA:22,4
DA:23,4
DA:24,1
DA:27,3
DA:28,3
DA:29,2
DA:30,1
DA:34,1
DA:37,1
DA:39,1
DA:40,1
DA:44,1
DA:45,4
DA:46,4
DA:47,1
DA:50,3
DA:51,3
DA:52,2
DA:53,1
DA:57,1
DA:59,1
DA:60,1
DA:64,1
DA:65,3
DA:66,3
DA:67,1
DA:70,2
DA:71,2
DA:72,1
DA:73,0
DA:75,1
DA:77,1
DA:78,1
DA:82,1
LF:42
LH:41
BRDA:23,0,0,1
BRDA:23,0,1,3
BRDA:29,1,0,1
BRDA:29,1,1,1
BRDA:35,2,0,1
BRDA:35,2,1,1
BRDA:46,3,0,1
BRDA:46,3,1,3
BRDA:52,4,0,1
BRDA:52,4,1,1
BRDA:66,5,0,1
BRDA:66,5,1,2
BRDA:72,6,0,0
BRDA:72,6,1,1
BRF:14
BRH:13
end_of_record
TN:
SF:models\appointmentsModel.js
FN:4,(anonymous_0)
FN:14,(anonymous_1)
FN:23,(anonymous_2)
FN:36,(anonymous_3)
FN:48,(anonymous_4)
FN:57,(anonymous_5)
FNF:6
FNH:0
FNDA:0,(anonymous_0)
FNDA:0,(anonymous_1)
FNDA:0,(anonymous_2)
FNDA:0,(anonymous_3)
FNDA:0,(anonymous_4)
FNDA:0,(anonymous_5)
DA:1,1
DA:4,1
DA:5,0
DA:10,0
DA:14,1
DA:15,0
DA:19,0
DA:23,1
DA:24,0
DA:32,0
DA:36,1
DA:37,0
DA:44,0
DA:48,1
DA:49,0
DA:53,0
DA:57,1
DA:58,0
DA:62,0
DA:65,1
LF:20
LH:8
BRDA:53,0,0,0
BRDA:53,0,1,0
BRDA:62,1,0,0
BRDA:62,1,1,0
BRF:4
BRH:0
end_of_record
TN:
SF:models\authModel.js
FN:5,(anonymous_0)
FN:29,(anonymous_1)
FN:41,(anonymous_2)
FN:46,(anonymous_3)
FNF:4
FNH:0
FNDA:0,(anonymous_0)
FNDA:0,(anonymous_1)
FNDA:0,(anonymous_2)
FNDA:0,(anonymous_3)
DA:1,1
DA:5,1
DA:6,0
DA:11,0
DA:13,0
DA:17,0
DA:29,1
DA:30,0
DA:37,0
DA:41,1
DA:42,0
DA:43,0
DA:46,1
DA:47,0
DA:52,0
DA:53,0
DA:57,1
LF:17
LH:6
BRF:0
BRH:0
end_of_record
TN:
SF:models\conversationsModel.js
FN:4,(anonymous_0)
FN:35,(anonymous_1)
FN:71,(anonymous_2)
FNF:3
FNH:0
FNDA:0,(anonymous_0)
FNDA:0,(anonymous_1)
FNDA:0,(anonymous_2)
DA:1,1
DA:4,1
DA:5,0
DA:7,0
DA:13,0
DA:14,0
DA:18,0
DA:27,0
DA:29,0
DA:30,0
DA:35,1
DA:37,0
DA:39,0
DA:40,0
DA:51,0
DA:52,0
DA:62,0
DA:65,0
DA:66,0
DA:71,1
DA:72,0
DA:76,0
DA:79,1
LF:23
LH:5
BRDA:13,0,0,0
BRDA:13,0,1,0
BRDA:39,1,0,0
BRDA:39,1,1,0
BRDA:51,2,0,0
BRDA:51,2,1,0
BRF:6
BRH:0
end_of_record
TN:
SF:models\documentsModel.js
FN:3,(anonymous_0)
FN:13,(anonymous_1)
FN:23,(anonymous_2)
FN:31,(anonymous_3)
FN:69,(anonymous_4)
FN:85,(anonymous_5)
FNF:6
FNH:0
FNDA:0,(anonymous_0)
FNDA:0,(anonymous_1)
FNDA:0,(anonymous_2)
FNDA:0,(anonymous_3)
FNDA:0,(anonymous_4)
FNDA:0,(anonymous_5)
DA:1,1
DA:3,1
DA:4,0
DA:10,0
DA:13,1
DA:14,0
DA:20,0
DA:23,1
DA:24,0
DA:28,0
DA:31,1
DA:32,0
DA:33,0
DA:40,0
DA:41,0
DA:44,0
DA:47,0
DA:55,0
DA:57,0
DA:63,0
DA:65,0
DA:66,0
DA:69,1
DA:70,0
DA:71,0
DA:78,0
DA:80,0
DA:81,0
DA:85,1
DA:86,0
DA:87,0
DA:88,0
DA:89,0
DA:91,0
DA:92,0
DA:93,0
DA:95,0
DA:103,0
DA:105,0
DA:106,0
DA:111,1
LF:41
LH:8
BRDA:40,0,0,0
BRDA:40,0,1,0
BRF:2
BRH:0
end_of_record
TN:
SF:models\invoicesModel.js
FN:4,(anonymous_0)
FN:22,(anonymous_1)
FN:39,(anonymous_2)
FN:58,(anonymous_3)
FN:70,(anonymous_4)
FN:88,(anonymous_5)
FN:117,(anonymous_6)
FN:126,(anonymous_7)
FNF:8
FNH:0
FNDA:0,(anonymous_0)
FNDA:0,(anonymous_1)
FNDA:0,(anonymous_2)
FNDA:0,(anonymous_3)
FNDA:0,(anonymous_4)
FNDA:0,(anonymous_5)
FNDA:0,(anonymous_6)
FNDA:0,(anonymous_7)
DA:1,1
DA:4,1
DA:5,0
DA:18,0
DA:22,1
DA:23,0
DA:35,0
DA:39,1
DA:40,0
DA:54,0
DA:58,1
DA:59,0
DA:66,0
DA:70,1
DA:71,0
DA:84,0
DA:88,1
DA:89,0
DA:91,0
DA:104,0
DA:112,0
DA:113,0
DA:117,1
DA:118,0
DA:122,0
DA:126,1
DA:127,0
DA:138,0
DA:141,1
LF:29
LH:10
BRDA:94,0,0,0
BRDA:94,0,1,0
BRDA:95,1,0,0
BRDA:95,1,1,0
BRDA:96,2,0,0
BRDA:96,2,1,0
BRDA:97,3,0,0
BRDA:97,3,1,0
BRDA:106,4,0,0
BRDA:106,4,1,0
BRDA:107,5,0,0
BRDA:107,5,1,0
BRDA:108,6,0,0
BRDA:108,6,1,0
BRDA:109,7,0,0
BRDA:109,7,1,0
BRF:16
BRH:0
end_of_record
TN:
SF:models\journalsModel.js
FN:4,(anonymous_0)
FN:21,(anonymous_1)
FN:37,(anonymous_2)
FN:50,(anonymous_3)
FN:63,(anonymous_4)
FNF:5
FNH:0
FNDA:0,(anonymous_0)
FNDA:0,(anonymous_1)
FNDA:0,(anonymous_2)
FNDA:0,(anonymous_3)
FNDA:0,(anonymous_4)
DA:1,1
DA:4,1
DA:5,0
DA:11,0
DA:17,0
DA:21,1
DA:22,0
DA:28,0
DA:33,0
DA:37,1
DA:38,0
DA:46,0
DA:50,1
DA:51,0
DA:59,0
DA:63,1
DA:64,0
DA:70,0
DA:73,1
LF:19
LH:7
BRF:0
BRH:0
end_of_record
TN:
SF:models\messagesModel.js
FN:4,(anonymous_0)
FN:23,(anonymous_1)
FN:34,(anonymous_2)
FN:46,(anonymous_3)
FNF:4
FNH:0
FNDA:0,(anonymous_0)
FNDA:0,(anonymous_1)
FNDA:0,(anonymous_2)
FNDA:0,(anonymous_3)
DA:1,1
DA:4,1
DA:5,0
DA:12,0
DA:19,0
DA:23,1
DA:24,0
DA:30,0
DA:34,1
DA:35,0
DA:42,0
DA:46,1
DA:47,0
DA:53,0
DA:56,1
LF:15
LH:6
BRF:0
BRH:0
end_of_record
TN:
SF:models\usersModel.js
FN:4,(anonymous_0)
FN:10,(anonymous_1)
FN:30,(anonymous_2)
FN:38,(anonymous_3)
FNF:4
FNH:0
FNDA:0,(anonymous_0)
FNDA:0,(anonymous_1)
FNDA:0,(anonymous_2)
FNDA:0,(anonymous_3)
DA:1,1
DA:4,1
DA:5,0
DA:6,0
DA:10,1
DA:11,0
DA:26,0
DA:30,1
DA:31,0
DA:35,0
DA:38,1
DA:39,0
DA:42,0
DA:45,1
LF:14
LH:6
BRF:0
BRH:0
end_of_record
